# JRE version: Java(TM) SE Runtime Environment (22.0.2+9) (build 22.0.2+9-70)
# Java VM: Java HotSpot(TM) 64-Bit Server VM (22.0.2+9-70, mixed mode, sharing, tiered, compressed oops, compressed class ptrs, g1 gc, windows-amd64)
GC Precious Log:
 CardTable entry size: 512
 Card Set container configuration: InlinePtr #cards 5 size 8 Array Of Cards #cards 12 size 40 Howl #buckets 4 coarsen threshold 1843 Howl Bitmap #cards 512 size 80 coarsen threshold 460 Card regions per heap region 1 cards per card region 2048
 CPUs: 4 total, 4 available
 Memory: 3863M
 Large Page Support: Disabled
 NUMA Support: Disabled
 Compressed Oops: Enabled (32-bit)
 Heap Region Size: 1M
 Heap Min Capacity: 8M
 Heap Initial Capacity: 62M
 Heap Max Capacity: 966M
 Pre-touch: Disabled
 Parallel Workers: 4
 Concurrent Workers: 1
 Concurrent Refinement Workers: 4
 Periodic GC: Disabled
Heap:
 garbage-first heap   total reserved 989184K, committed 63488K, used 50042K [0x00000000c3a00000, 0x0000000100000000)
  region size 1024K, 19 young (19456K), 2 survivors (2048K)
 Metaspace       used 79303K, committed 80128K, reserved 1179648K
  class space    used 10814K, committed 11136K, reserved 1048576K
GC Heap History (20 events):
Event: 106.128 GC heap before
{Heap before GC invocations=33 (full 2):
 garbage-first heap   total reserved 989184K, committed 60416K, used 49768K [0x00000000c3a00000, 0x0000000100000000)
  region size 1024K, 22 young (22528K), 3 survivors (3072K)
 Metaspace       used 77728K, committed 78528K, reserved 1179648K
  class space    used 10762K, committed 11072K, reserved 1048576K
}
Event: 106.136 GC heap after
{Heap after GC invocations=34 (full 2):
 garbage-first heap   total reserved 989184K, committed 60416K, used 32894K [0x00000000c3a00000, 0x0000000100000000)
  region size 1024K, 2 young (2048K), 2 survivors (2048K)
 Metaspace       used 77728K, committed 78528K, reserved 1179648K
  class space    used 10762K, committed 11072K, reserved 1048576K
}
Event: 106.784 GC heap before
{Heap before GC invocations=34 (full 2):
 garbage-first heap   total reserved 989184K, committed 60416K, used 52350K [0x00000000c3a00000, 0x0000000100000000)
  region size 1024K, 21 young (21504K), 2 survivors (2048K)
 Metaspace       used 78124K, committed 78848K, reserved 1179648K
  class space    used 10774K, committed 11072K, reserved 1048576K
}
Event: 106.788 GC heap after
{Heap after GC invocations=35 (full 2):
 garbage-first heap   total reserved 989184K, committed 60416K, used 34714K [0x00000000c3a00000, 0x0000000100000000)
  region size 1024K, 3 young (3072K), 3 survivors (3072K)
 Metaspace       used 78124K, committed 78848K, reserved 1179648K
  class space    used 10774K, committed 11072K, reserved 1048576K
}
Event: 109.005 GC heap before
{Heap before GC invocations=36 (full 2):
 garbage-first heap   total reserved 989184K, committed 63488K, used 47002K [0x00000000c3a00000, 0x0000000100000000)
  region size 1024K, 16 young (16384K), 3 survivors (3072K)
 Metaspace       used 78158K, committed 78912K, reserved 1179648K
  class space    used 10775K, committed 11072K, reserved 1048576K
}
Event: 109.073 GC heap after
{Heap after GC invocations=37 (full 3):
 garbage-first heap   total reserved 989184K, committed 63488K, used 29257K [0x00000000c3a00000, 0x0000000100000000)
  region size 1024K, 0 young (0K), 0 survivors (0K)
 Metaspace       used 78155K, committed 78912K, reserved 1179648K
  class space    used 10774K, committed 11072K, reserved 1048576K
}
Event: 109.816 GC heap before
{Heap before GC invocations=37 (full 3):
 garbage-first heap   total reserved 989184K, committed 63488K, used 54857K [0x00000000c3a00000, 0x0000000100000000)
  region size 1024K, 25 young (25600K), 0 survivors (0K)
 Metaspace       used 78255K, committed 79040K, reserved 1179648K
  class space    used 10781K, committed 11072K, reserved 1048576K
}
Event: 109.819 GC heap after
{Heap after GC invocations=38 (full 3):
 garbage-first heap   total reserved 989184K, committed 63488K, used 31694K [0x00000000c3a00000, 0x0000000100000000)
  region size 1024K, 3 young (3072K), 3 survivors (3072K)
 Metaspace       used 78255K, committed 79040K, reserved 1179648K
  class space    used 10781K, committed 11072K, reserved 1048576K
}
Event: 110.369 GC heap before
{Heap before GC invocations=38 (full 3):
 garbage-first heap   total reserved 989184K, committed 63488K, used 53198K [0x00000000c3a00000, 0x0000000100000000)
  region size 1024K, 25 young (25600K), 3 survivors (3072K)
 Metaspace       used 78503K, committed 79296K, reserved 1179648K
  class space    used 10787K, committed 11136K, reserved 1048576K
}
Event: 110.373 GC heap after
{Heap after GC invocations=39 (full 3):
 garbage-first heap   total reserved 989184K, committed 63488K, used 33360K [0x00000000c3a00000, 0x0000000100000000)
  region size 1024K, 2 young (2048K), 2 survivors (2048K)
 Metaspace       used 78503K, committed 79296K, reserved 1179648K
  class space    used 10787K, committed 11136K, reserved 1048576K
}
Event: 110.722 GC heap before
{Heap before GC invocations=39 (full 3):
 garbage-first heap   total reserved 989184K, committed 63488K, used 54864K [0x00000000c3a00000, 0x0000000100000000)
  region size 1024K, 23 young (23552K), 2 survivors (2048K)
 Metaspace       used 78740K, committed 79552K, reserved 1179648K
  class space    used 10794K, committed 11136K, reserved 1048576K
}
Event: 110.727 GC heap after
{Heap after GC invocations=40 (full 3):
 garbage-first heap   total reserved 989184K, committed 63488K, used 35561K [0x00000000c3a00000, 0x0000000100000000)
  region size 1024K, 3 young (3072K), 3 survivors (3072K)
 Metaspace       used 78740K, committed 79552K, reserved 1179648K
  class space    used 10794K, committed 11136K, reserved 1048576K
}
Event: 650.880 GC heap before
{Heap before GC invocations=41 (full 3):
 garbage-first heap   total reserved 989184K, committed 63488K, used 53993K [0x00000000c3a00000, 0x0000000100000000)
  region size 1024K, 21 young (21504K), 3 survivors (3072K)
 Metaspace       used 78832K, committed 79680K, reserved 1179648K
  class space    used 10794K, committed 11136K, reserved 1048576K
}
Event: 650.930 GC heap after
{Heap after GC invocations=42 (full 3):
 garbage-first heap   total reserved 989184K, committed 63488K, used 35844K [0x00000000c3a00000, 0x0000000100000000)
  region size 1024K, 1 young (1024K), 1 survivors (1024K)
 Metaspace       used 78832K, committed 79680K, reserved 1179648K
  class space    used 10794K, committed 11136K, reserved 1048576K
}
Event: 1006.825 GC heap before
{Heap before GC invocations=42 (full 3):
 garbage-first heap   total reserved 989184K, committed 63488K, used 46084K [0x00000000c3a00000, 0x0000000100000000)
  region size 1024K, 12 young (12288K), 1 survivors (1024K)
 Metaspace       used 78847K, committed 79680K, reserved 1179648K
  class space    used 10794K, committed 11136K, reserved 1048576K
}
Event: 1007.818 GC heap after
{Heap after GC invocations=43 (full 4):
 garbage-first heap   total reserved 989184K, committed 63488K, used 29514K [0x00000000c3a00000, 0x0000000100000000)
  region size 1024K, 0 young (0K), 0 survivors (0K)
 Metaspace       used 78844K, committed 79680K, reserved 1179648K
  class space    used 10794K, committed 11136K, reserved 1048576K
}
Event: 1008.838 GC heap before
{Heap before GC invocations=43 (full 4):
 garbage-first heap   total reserved 989184K, committed 63488K, used 54090K [0x00000000c3a00000, 0x0000000100000000)
  region size 1024K, 25 young (25600K), 0 survivors (0K)
 Metaspace       used 78935K, committed 79744K, reserved 1179648K
  class space    used 10800K, committed 11136K, reserved 1048576K
}
Event: 1008.847 GC heap after
{Heap after GC invocations=44 (full 4):
 garbage-first heap   total reserved 989184K, committed 63488K, used 31901K [0x00000000c3a00000, 0x0000000100000000)
  region size 1024K, 3 young (3072K), 3 survivors (3072K)
 Metaspace       used 78935K, committed 79744K, reserved 1179648K
  class space    used 10800K, committed 11136K, reserved 1048576K
}
Event: 1009.384 GC heap before
{Heap before GC invocations=44 (full 4):
 garbage-first heap   total reserved 989184K, committed 63488K, used 53405K [0x00000000c3a00000, 0x0000000100000000)
  region size 1024K, 25 young (25600K), 3 survivors (3072K)
 Metaspace       used 79106K, committed 79872K, reserved 1179648K
  class space    used 10806K, committed 11136K, reserved 1048576K
}
Event: 1009.394 GC heap after
{Heap after GC invocations=45 (full 4):
 garbage-first heap   total reserved 989184K, committed 63488K, used 33658K [0x00000000c3a00000, 0x0000000100000000)
  region size 1024K, 2 young (2048K), 2 survivors (2048K)
 Metaspace       used 79106K, committed 79872K, reserved 1179648K
  class space    used 10806K, committed 11136K, reserved 1048576K
}

