# JRE version: Java(TM) SE Runtime Environment (22.0.2+9) (build 22.0.2+9-70)
# Java VM: Java HotSpot(TM) 64-Bit Server VM (22.0.2+9-70, mixed mode, sharing, tiered, compressed oops, compressed class ptrs, g1 gc, windows-amd64)
GC Precious Log:
 CardTable entry size: 512
 Card Set container configuration: InlinePtr #cards 5 size 8 Array Of Cards #cards 12 size 40 Howl #buckets 4 coarsen threshold 1843 Howl Bitmap #cards 512 size 80 coarsen threshold 460 Card regions per heap region 1 cards per card region 2048
 CPUs: 4 total, 4 available
 Memory: 3863M
 Large Page Support: Disabled
 NUMA Support: Disabled
 Compressed Oops: Enabled (32-bit)
 Heap Region Size: 1M
 Heap Min Capacity: 8M
 Heap Initial Capacity: 62M
 Heap Max Capacity: 966M
 Pre-touch: Disabled
 Parallel Workers: 4
 Concurrent Workers: 1
 Concurrent Refinement Workers: 4
 Periodic GC: Disabled
Heap:
 garbage-first heap   total reserved 989184K, committed 51200K, used 41476K [0x00000000c3a00000, 0x0000000100000000)
  region size 1024K, 14 young (14336K), 2 survivors (2048K)
 Metaspace       used 73449K, committed 74176K, reserved 1114112K
  class space    used 10027K, committed 10304K, reserved 1048576K
GC Heap History (20 events):
Event: 4.952 GC heap before
{Heap before GC invocations=9 (full 0):
 garbage-first heap   total reserved 989184K, committed 40960K, used 32723K [0x00000000c3a00000, 0x0000000100000000)
  region size 1024K, 18 young (18432K), 3 survivors (3072K)
 Metaspace       used 34568K, committed 35136K, reserved 1114112K
  class space    used 4468K, committed 4736K, reserved 1048576K
}
Event: 4.957 GC heap after
{Heap after GC invocations=10 (full 0):
 garbage-first heap   total reserved 989184K, committed 40960K, used 19754K [0x00000000c3a00000, 0x0000000100000000)
  region size 1024K, 2 young (2048K), 2 survivors (2048K)
 Metaspace       used 34568K, committed 35136K, reserved 1114112K
  class space    used 4468K, committed 4736K, reserved 1048576K
}
Event: 5.109 GC heap before
{Heap before GC invocations=10 (full 0):
 garbage-first heap   total reserved 989184K, committed 40960K, used 25898K [0x00000000c3a00000, 0x0000000100000000)
  region size 1024K, 9 young (9216K), 2 survivors (2048K)
 Metaspace       used 35373K, committed 35968K, reserved 1114112K
  class space    used 4584K, committed 4864K, reserved 1048576K
}
Event: 5.111 GC heap after
{Heap after GC invocations=11 (full 0):
 garbage-first heap   total reserved 989184K, committed 49152K, used 20374K [0x00000000c3a00000, 0x0000000100000000)
  region size 1024K, 1 young (1024K), 1 survivors (1024K)
 Metaspace       used 35373K, committed 35968K, reserved 1114112K
  class space    used 4584K, committed 4864K, reserved 1048576K
}
Event: 5.890 GC heap before
{Heap before GC invocations=12 (full 0):
 garbage-first heap   total reserved 989184K, committed 49152K, used 41878K [0x00000000c3a00000, 0x0000000100000000)
  region size 1024K, 22 young (22528K), 1 survivors (1024K)
 Metaspace       used 41673K, committed 42240K, reserved 1114112K
  class space    used 5525K, committed 5760K, reserved 1048576K
}
Event: 5.893 GC heap after
{Heap after GC invocations=13 (full 0):
 garbage-first heap   total reserved 989184K, committed 49152K, used 21666K [0x00000000c3a00000, 0x0000000100000000)
  region size 1024K, 2 young (2048K), 2 survivors (2048K)
 Metaspace       used 41673K, committed 42240K, reserved 1114112K
  class space    used 5525K, committed 5760K, reserved 1048576K
}
Event: 6.848 GC heap before
{Heap before GC invocations=13 (full 0):
 garbage-first heap   total reserved 989184K, committed 49152K, used 41122K [0x00000000c3a00000, 0x0000000100000000)
  region size 1024K, 22 young (22528K), 2 survivors (2048K)
 Metaspace       used 50344K, committed 50880K, reserved 1114112K
  class space    used 6615K, committed 6848K, reserved 1048576K
}
Event: 6.855 GC heap after
{Heap after GC invocations=14 (full 0):
 garbage-first heap   total reserved 989184K, committed 49152K, used 23356K [0x00000000c3a00000, 0x0000000100000000)
  region size 1024K, 3 young (3072K), 3 survivors (3072K)
 Metaspace       used 50344K, committed 50880K, reserved 1114112K
  class space    used 6615K, committed 6848K, reserved 1048576K
}
Event: 7.280 GC heap before
{Heap before GC invocations=14 (full 0):
 garbage-first heap   total reserved 989184K, committed 49152K, used 41788K [0x00000000c3a00000, 0x0000000100000000)
  region size 1024K, 22 young (22528K), 3 survivors (3072K)
 Metaspace       used 55748K, committed 56320K, reserved 1114112K
  class space    used 7418K, committed 7680K, reserved 1048576K
}
Event: 7.284 GC heap after
{Heap after GC invocations=15 (full 0):
 garbage-first heap   total reserved 989184K, committed 49152K, used 24721K [0x00000000c3a00000, 0x0000000100000000)
  region size 1024K, 2 young (2048K), 2 survivors (2048K)
 Metaspace       used 55748K, committed 56320K, reserved 1114112K
  class space    used 7418K, committed 7680K, reserved 1048576K
}
Event: 7.581 GC heap before
{Heap before GC invocations=15 (full 0):
 garbage-first heap   total reserved 989184K, committed 49152K, used 37009K [0x00000000c3a00000, 0x0000000100000000)
  region size 1024K, 15 young (15360K), 2 survivors (2048K)
 Metaspace       used 59606K, committed 60160K, reserved 1114112K
  class space    used 8053K, committed 8320K, reserved 1048576K
}
Event: 7.583 GC heap after
{Heap after GC invocations=16 (full 0):
 garbage-first heap   total reserved 989184K, committed 49152K, used 25328K [0x00000000c3a00000, 0x0000000100000000)
  region size 1024K, 2 young (2048K), 2 survivors (2048K)
 Metaspace       used 59606K, committed 60160K, reserved 1114112K
  class space    used 8053K, committed 8320K, reserved 1048576K
}
Event: 8.029 GC heap before
{Heap before GC invocations=17 (full 0):
 garbage-first heap   total reserved 989184K, committed 49152K, used 43760K [0x00000000c3a00000, 0x0000000100000000)
  region size 1024K, 20 young (20480K), 2 survivors (2048K)
 Metaspace       used 63664K, committed 64320K, reserved 1114112K
  class space    used 8665K, committed 8960K, reserved 1048576K
}
Event: 8.032 GC heap after
{Heap after GC invocations=18 (full 0):
 garbage-first heap   total reserved 989184K, committed 49152K, used 26486K [0x00000000c3a00000, 0x0000000100000000)
  region size 1024K, 2 young (2048K), 2 survivors (2048K)
 Metaspace       used 63664K, committed 64320K, reserved 1114112K
  class space    used 8665K, committed 8960K, reserved 1048576K
}
Event: 8.466 GC heap before
{Heap before GC invocations=18 (full 0):
 garbage-first heap   total reserved 989184K, committed 49152K, used 42870K [0x00000000c3a00000, 0x0000000100000000)
  region size 1024K, 18 young (18432K), 2 survivors (2048K)
 Metaspace       used 66618K, committed 67264K, reserved 1114112K
  class space    used 9080K, committed 9344K, reserved 1048576K
}
Event: 8.471 GC heap after
{Heap after GC invocations=19 (full 0):
 garbage-first heap   total reserved 989184K, committed 49152K, used 28009K [0x00000000c3a00000, 0x0000000100000000)
  region size 1024K, 3 young (3072K), 3 survivors (3072K)
 Metaspace       used 66618K, committed 67264K, reserved 1114112K
  class space    used 9080K, committed 9344K, reserved 1048576K
}
Event: 8.851 GC heap before
{Heap before GC invocations=19 (full 0):
 garbage-first heap   total reserved 989184K, committed 49152K, used 42345K [0x00000000c3a00000, 0x0000000100000000)
  region size 1024K, 17 young (17408K), 3 survivors (3072K)
 Metaspace       used 68372K, committed 69120K, reserved 1114112K
  class space    used 9333K, committed 9664K, reserved 1048576K
}
Event: 8.858 GC heap after
{Heap after GC invocations=20 (full 0):
 garbage-first heap   total reserved 989184K, committed 49152K, used 29806K [0x00000000c3a00000, 0x0000000100000000)
  region size 1024K, 2 young (2048K), 2 survivors (2048K)
 Metaspace       used 68372K, committed 69120K, reserved 1114112K
  class space    used 9333K, committed 9664K, reserved 1048576K
}
Event: 18.966 GC heap before
{Heap before GC invocations=21 (full 0):
 garbage-first heap   total reserved 989184K, committed 51200K, used 42094K [0x00000000c3a00000, 0x0000000100000000)
  region size 1024K, 15 young (15360K), 2 survivors (2048K)
 Metaspace       used 70640K, committed 71424K, reserved 1114112K
  class space    used 9666K, committed 9984K, reserved 1048576K
}
Event: 18.971 GC heap after
{Heap after GC invocations=22 (full 0):
 garbage-first heap   total reserved 989184K, committed 51200K, used 31236K [0x00000000c3a00000, 0x0000000100000000)
  region size 1024K, 2 young (2048K), 2 survivors (2048K)
 Metaspace       used 70640K, committed 71424K, reserved 1114112K
  class space    used 9666K, committed 9984K, reserved 1048576K
}

