# JRE version: OpenJDK Runtime Environment Temurin-17.0.12+7 (17.0.12+7) (build 17.0.12+7)
# Java VM: OpenJDK 64-Bit Server VM Temurin-17.0.12+7 (17.0.12+7, mixed mode, emulated-client, tiered, compressed oops, compressed class ptrs, g1 gc, windows-amd64)
GC Precious Log:
 CPUs: 4 total, 4 available
 Memory: 3863M
 Large Page Support: Disabled
 NUMA Support: Disabled
 Compressed Oops: Enabled (32-bit)
 Heap Region Size: 1M
 Heap Min Capacity: 8M
 Heap Initial Capacity: 62M
 Heap Max Capacity: 1G
 Pre-touch: Disabled
 Parallel Workers: 4
 Concurrent Workers: 1
 Concurrent Refinement Workers: 4
 Periodic GC: Disabled
Heap:
 garbage-first heap   total 75776K, used 36893K [0x00000000c0000000, 0x0000000100000000)
  region size 1024K, 1 young (1024K), 0 survivors (0K)
 Metaspace       used 57547K, committed 58176K, reserved 1114112K
  class space    used 7155K, committed 7424K, reserved 1048576K
GC Heap History (20 events):
Event: 7239.524 GC heap after
{Heap after GC invocations=269 (full 245):
 garbage-first heap   total 75776K, used 36893K [0x00000000c0000000, 0x0000000100000000)
  region size 1024K, 0 young (0K), 0 survivors (0K)
 Metaspace       used 57547K, committed 58176K, reserved 1114112K
  class space    used 7155K, committed 7424K, reserved 1048576K
}
Event: 7249.703 GC heap before
{Heap before GC invocations=269 (full 245):
 garbage-first heap   total 75776K, used 36893K [0x00000000c0000000, 0x0000000100000000)
  region size 1024K, 1 young (1024K), 0 survivors (0K)
 Metaspace       used 57547K, committed 58176K, reserved 1114112K
  class space    used 7155K, committed 7424K, reserved 1048576K
}
Event: 7249.781 GC heap after
{Heap after GC invocations=270 (full 246):
 garbage-first heap   total 75776K, used 36893K [0x00000000c0000000, 0x0000000100000000)
  region size 1024K, 0 young (0K), 0 survivors (0K)
 Metaspace       used 57547K, committed 58176K, reserved 1114112K
  class space    used 7155K, committed 7424K, reserved 1048576K
}
Event: 7259.964 GC heap before
{Heap before GC invocations=270 (full 246):
 garbage-first heap   total 75776K, used 36893K [0x00000000c0000000, 0x0000000100000000)
  region size 1024K, 1 young (1024K), 0 survivors (0K)
 Metaspace       used 57547K, committed 58176K, reserved 1114112K
  class space    used 7155K, committed 7424K, reserved 1048576K
}
Event: 7260.043 GC heap after
{Heap after GC invocations=271 (full 247):
 garbage-first heap   total 75776K, used 36893K [0x00000000c0000000, 0x0000000100000000)
  region size 1024K, 0 young (0K), 0 survivors (0K)
 Metaspace       used 57547K, committed 58176K, reserved 1114112K
  class space    used 7155K, committed 7424K, reserved 1048576K
}
Event: 7270.241 GC heap before
{Heap before GC invocations=271 (full 247):
 garbage-first heap   total 75776K, used 36893K [0x00000000c0000000, 0x0000000100000000)
  region size 1024K, 1 young (1024K), 0 survivors (0K)
 Metaspace       used 57547K, committed 58176K, reserved 1114112K
  class space    used 7155K, committed 7424K, reserved 1048576K
}
Event: 7270.324 GC heap after
{Heap after GC invocations=272 (full 248):
 garbage-first heap   total 75776K, used 36893K [0x00000000c0000000, 0x0000000100000000)
  region size 1024K, 0 young (0K), 0 survivors (0K)
 Metaspace       used 57547K, committed 58176K, reserved 1114112K
  class space    used 7155K, committed 7424K, reserved 1048576K
}
Event: 7280.516 GC heap before
{Heap before GC invocations=272 (full 248):
 garbage-first heap   total 75776K, used 36893K [0x00000000c0000000, 0x0000000100000000)
  region size 1024K, 1 young (1024K), 0 survivors (0K)
 Metaspace       used 57547K, committed 58176K, reserved 1114112K
  class space    used 7155K, committed 7424K, reserved 1048576K
}
Event: 7280.590 GC heap after
{Heap after GC invocations=273 (full 249):
 garbage-first heap   total 75776K, used 36893K [0x00000000c0000000, 0x0000000100000000)
  region size 1024K, 0 young (0K), 0 survivors (0K)
 Metaspace       used 57547K, committed 58176K, reserved 1114112K
  class space    used 7155K, committed 7424K, reserved 1048576K
}
Event: 7290.797 GC heap before
{Heap before GC invocations=273 (full 249):
 garbage-first heap   total 75776K, used 36893K [0x00000000c0000000, 0x0000000100000000)
  region size 1024K, 1 young (1024K), 0 survivors (0K)
 Metaspace       used 57547K, committed 58176K, reserved 1114112K
  class space    used 7155K, committed 7424K, reserved 1048576K
}
Event: 7290.874 GC heap after
{Heap after GC invocations=274 (full 250):
 garbage-first heap   total 75776K, used 36893K [0x00000000c0000000, 0x0000000100000000)
  region size 1024K, 0 young (0K), 0 survivors (0K)
 Metaspace       used 57547K, committed 58176K, reserved 1114112K
  class space    used 7155K, committed 7424K, reserved 1048576K
}
Event: 7301.061 GC heap before
{Heap before GC invocations=274 (full 250):
 garbage-first heap   total 75776K, used 36893K [0x00000000c0000000, 0x0000000100000000)
  region size 1024K, 1 young (1024K), 0 survivors (0K)
 Metaspace       used 57547K, committed 58176K, reserved 1114112K
  class space    used 7155K, committed 7424K, reserved 1048576K
}
Event: 7301.145 GC heap after
{Heap after GC invocations=275 (full 251):
 garbage-first heap   total 75776K, used 36893K [0x00000000c0000000, 0x0000000100000000)
  region size 1024K, 0 young (0K), 0 survivors (0K)
 Metaspace       used 57547K, committed 58176K, reserved 1114112K
  class space    used 7155K, committed 7424K, reserved 1048576K
}
Event: 7311.770 GC heap before
{Heap before GC invocations=275 (full 251):
 garbage-first heap   total 75776K, used 36893K [0x00000000c0000000, 0x0000000100000000)
  region size 1024K, 1 young (1024K), 0 survivors (0K)
 Metaspace       used 57547K, committed 58176K, reserved 1114112K
  class space    used 7155K, committed 7424K, reserved 1048576K
}
Event: 7311.819 GC heap after
{Heap after GC invocations=276 (full 252):
 garbage-first heap   total 75776K, used 36893K [0x00000000c0000000, 0x0000000100000000)
  region size 1024K, 0 young (0K), 0 survivors (0K)
 Metaspace       used 57547K, committed 58176K, reserved 1114112K
  class space    used 7155K, committed 7424K, reserved 1048576K
}
Event: 7322.111 GC heap before
{Heap before GC invocations=276 (full 252):
 garbage-first heap   total 75776K, used 36893K [0x00000000c0000000, 0x0000000100000000)
  region size 1024K, 1 young (1024K), 0 survivors (0K)
 Metaspace       used 57547K, committed 58176K, reserved 1114112K
  class space    used 7155K, committed 7424K, reserved 1048576K
}
Event: 7322.166 GC heap after
{Heap after GC invocations=277 (full 253):
 garbage-first heap   total 75776K, used 36893K [0x00000000c0000000, 0x0000000100000000)
  region size 1024K, 0 young (0K), 0 survivors (0K)
 Metaspace       used 57547K, committed 58176K, reserved 1114112K
  class space    used 7155K, committed 7424K, reserved 1048576K
}
Event: 7332.526 GC heap before
{Heap before GC invocations=277 (full 253):
 garbage-first heap   total 75776K, used 36893K [0x00000000c0000000, 0x0000000100000000)
  region size 1024K, 1 young (1024K), 0 survivors (0K)
 Metaspace       used 57547K, committed 58176K, reserved 1114112K
  class space    used 7155K, committed 7424K, reserved 1048576K
}
Event: 7332.590 GC heap after
{Heap after GC invocations=278 (full 254):
 garbage-first heap   total 75776K, used 36893K [0x00000000c0000000, 0x0000000100000000)
  region size 1024K, 0 young (0K), 0 survivors (0K)
 Metaspace       used 57547K, committed 58176K, reserved 1114112K
  class space    used 7155K, committed 7424K, reserved 1048576K
}
Event: 7343.054 GC heap before
{Heap before GC invocations=278 (full 254):
 garbage-first heap   total 75776K, used 36893K [0x00000000c0000000, 0x0000000100000000)
  region size 1024K, 1 young (1024K), 0 survivors (0K)
 Metaspace       used 57547K, committed 58176K, reserved 1114112K
  class space    used 7155K, committed 7424K, reserved 1048576K
}

