# JRE version: OpenJDK Runtime Environment Temurin-17.0.12+7 (17.0.12+7) (build 17.0.12+7)
# Java VM: OpenJDK 64-Bit Server VM Temurin-17.0.12+7 (17.0.12+7, mixed mode, emulated-client, tiered, compressed oops, compressed class ptrs, g1 gc, windows-amd64)
GC Precious Log:
 CPUs: 4 total, 4 available
 Memory: 3863M
 Large Page Support: Disabled
 NUMA Support: Disabled
 Compressed Oops: Enabled (32-bit)
 Heap Region Size: 1M
 Heap Min Capacity: 8M
 Heap Initial Capacity: 62M
 Heap Max Capacity: 1G
 Pre-touch: Disabled
 Parallel Workers: 4
 Concurrent Workers: 1
 Concurrent Refinement Workers: 4
 Periodic GC: Disabled
Heap:
 garbage-first heap   total 76800K, used 36531K [0x00000000c0000000, 0x0000000100000000)
  region size 1024K, 1 young (1024K), 0 survivors (0K)
 Metaspace       used 57115K, committed 57856K, reserved 1114112K
  class space    used 7085K, committed 7360K, reserved 1048576K
GC Heap History (20 events):
Event: 161.203 GC heap after
{Heap after GC invocations=35 (full 11):
 garbage-first heap   total 76800K, used 36571K [0x00000000c0000000, 0x0000000100000000)
  region size 1024K, 0 young (0K), 0 survivors (0K)
 Metaspace       used 57101K, committed 57856K, reserved 1114112K
  class space    used 7079K, committed 7360K, reserved 1048576K
}
Event: 171.395 GC heap before
{Heap before GC invocations=35 (full 11):
 garbage-first heap   total 76800K, used 36571K [0x00000000c0000000, 0x0000000100000000)
  region size 1024K, 1 young (1024K), 0 survivors (0K)
 Metaspace       used 57101K, committed 57856K, reserved 1114112K
  class space    used 7079K, committed 7360K, reserved 1048576K
}
Event: 171.422 GC heap after
{Heap after GC invocations=36 (full 12):
 garbage-first heap   total 76800K, used 36571K [0x00000000c0000000, 0x0000000100000000)
  region size 1024K, 0 young (0K), 0 survivors (0K)
 Metaspace       used 57101K, committed 57856K, reserved 1114112K
  class space    used 7079K, committed 7360K, reserved 1048576K
}
Event: 181.677 GC heap before
{Heap before GC invocations=36 (full 12):
 garbage-first heap   total 76800K, used 36571K [0x00000000c0000000, 0x0000000100000000)
  region size 1024K, 1 young (1024K), 0 survivors (0K)
 Metaspace       used 57101K, committed 57856K, reserved 1114112K
  class space    used 7079K, committed 7360K, reserved 1048576K
}
Event: 181.719 GC heap after
{Heap after GC invocations=37 (full 13):
 garbage-first heap   total 76800K, used 36571K [0x00000000c0000000, 0x0000000100000000)
  region size 1024K, 0 young (0K), 0 survivors (0K)
 Metaspace       used 57101K, committed 57856K, reserved 1114112K
  class space    used 7079K, committed 7360K, reserved 1048576K
}
Event: 191.917 GC heap before
{Heap before GC invocations=37 (full 13):
 garbage-first heap   total 76800K, used 36571K [0x00000000c0000000, 0x0000000100000000)
  region size 1024K, 1 young (1024K), 0 survivors (0K)
 Metaspace       used 57101K, committed 57856K, reserved 1114112K
  class space    used 7079K, committed 7360K, reserved 1048576K
}
Event: 191.947 GC heap after
{Heap after GC invocations=38 (full 14):
 garbage-first heap   total 76800K, used 36571K [0x00000000c0000000, 0x0000000100000000)
  region size 1024K, 0 young (0K), 0 survivors (0K)
 Metaspace       used 57101K, committed 57856K, reserved 1114112K
  class space    used 7079K, committed 7360K, reserved 1048576K
}
Event: 202.126 GC heap before
{Heap before GC invocations=38 (full 14):
 garbage-first heap   total 76800K, used 36571K [0x00000000c0000000, 0x0000000100000000)
  region size 1024K, 1 young (1024K), 0 survivors (0K)
 Metaspace       used 57101K, committed 57856K, reserved 1114112K
  class space    used 7079K, committed 7360K, reserved 1048576K
}
Event: 202.158 GC heap after
{Heap after GC invocations=39 (full 15):
 garbage-first heap   total 76800K, used 36571K [0x00000000c0000000, 0x0000000100000000)
  region size 1024K, 0 young (0K), 0 survivors (0K)
 Metaspace       used 57101K, committed 57856K, reserved 1114112K
  class space    used 7079K, committed 7360K, reserved 1048576K
}
Event: 212.332 GC heap before
{Heap before GC invocations=39 (full 15):
 garbage-first heap   total 76800K, used 36571K [0x00000000c0000000, 0x0000000100000000)
  region size 1024K, 1 young (1024K), 0 survivors (0K)
 Metaspace       used 57101K, committed 57856K, reserved 1114112K
  class space    used 7079K, committed 7360K, reserved 1048576K
}
Event: 212.363 GC heap after
{Heap after GC invocations=40 (full 16):
 garbage-first heap   total 76800K, used 36571K [0x00000000c0000000, 0x0000000100000000)
  region size 1024K, 0 young (0K), 0 survivors (0K)
 Metaspace       used 57101K, committed 57856K, reserved 1114112K
  class space    used 7079K, committed 7360K, reserved 1048576K
}
Event: 222.533 GC heap before
{Heap before GC invocations=40 (full 16):
 garbage-first heap   total 76800K, used 36571K [0x00000000c0000000, 0x0000000100000000)
  region size 1024K, 1 young (1024K), 0 survivors (0K)
 Metaspace       used 57101K, committed 57856K, reserved 1114112K
  class space    used 7079K, committed 7360K, reserved 1048576K
}
Event: 222.561 GC heap after
{Heap after GC invocations=41 (full 17):
 garbage-first heap   total 76800K, used 36571K [0x00000000c0000000, 0x0000000100000000)
  region size 1024K, 0 young (0K), 0 survivors (0K)
 Metaspace       used 57101K, committed 57856K, reserved 1114112K
  class space    used 7079K, committed 7360K, reserved 1048576K
}
Event: 232.742 GC heap before
{Heap before GC invocations=41 (full 17):
 garbage-first heap   total 76800K, used 36571K [0x00000000c0000000, 0x0000000100000000)
  region size 1024K, 1 young (1024K), 0 survivors (0K)
 Metaspace       used 57101K, committed 57856K, reserved 1114112K
  class space    used 7079K, committed 7360K, reserved 1048576K
}
Event: 232.766 GC heap after
{Heap after GC invocations=42 (full 18):
 garbage-first heap   total 76800K, used 36571K [0x00000000c0000000, 0x0000000100000000)
  region size 1024K, 0 young (0K), 0 survivors (0K)
 Metaspace       used 57101K, committed 57856K, reserved 1114112K
  class space    used 7079K, committed 7360K, reserved 1048576K
}
Event: 282.958 GC heap before
{Heap before GC invocations=42 (full 18):
 garbage-first heap   total 76800K, used 38619K [0x00000000c0000000, 0x0000000100000000)
  region size 1024K, 3 young (3072K), 0 survivors (0K)
 Metaspace       used 57115K, committed 57856K, reserved 1114112K
  class space    used 7085K, committed 7360K, reserved 1048576K
}
Event: 283.166 GC heap after
{Heap after GC invocations=43 (full 19):
 garbage-first heap   total 76800K, used 36576K [0x00000000c0000000, 0x0000000100000000)
  region size 1024K, 0 young (0K), 0 survivors (0K)
 Metaspace       used 57115K, committed 57856K, reserved 1114112K
  class space    used 7085K, committed 7360K, reserved 1048576K
}
Event: 293.341 GC heap before
{Heap before GC invocations=43 (full 19):
 garbage-first heap   total 76800K, used 36576K [0x00000000c0000000, 0x0000000100000000)
  region size 1024K, 1 young (1024K), 0 survivors (0K)
 Metaspace       used 57115K, committed 57856K, reserved 1114112K
  class space    used 7085K, committed 7360K, reserved 1048576K
}
Event: 293.418 GC heap after
{Heap after GC invocations=44 (full 20):
 garbage-first heap   total 76800K, used 36531K [0x00000000c0000000, 0x0000000100000000)
  region size 1024K, 0 young (0K), 0 survivors (0K)
 Metaspace       used 57115K, committed 57856K, reserved 1114112K
  class space    used 7085K, committed 7360K, reserved 1048576K
}
Event: 303.726 GC heap before
{Heap before GC invocations=44 (full 20):
 garbage-first heap   total 76800K, used 36531K [0x00000000c0000000, 0x0000000100000000)
  region size 1024K, 1 young (1024K), 0 survivors (0K)
 Metaspace       used 57115K, committed 57856K, reserved 1114112K
  class space    used 7085K, committed 7360K, reserved 1048576K
}

