# JRE version: OpenJDK Runtime Environment Temurin-17.0.12+7 (17.0.12+7) (build 17.0.12+7)
# Java VM: OpenJDK 64-Bit Server VM Temurin-17.0.12+7 (17.0.12+7, mixed mode, tiered, compressed oops, compressed class ptrs, parallel gc, windows-amd64)
GC Precious Log:
 CPUs: 4 total, 4 available
 Memory: 3863M
 Large Page Support: Disabled
 NUMA Support: Disabled
 Compressed Oops: Enabled (32-bit)
 Alignments: Space 512K, Generation 512K, Heap 2M
 Heap Min Capacity: 100M
 Heap Initial Capacity: 100M
 Heap Max Capacity: 1G
 Pre-touch: Disabled
 Parallel Workers: 4
Heap:
 PSYoungGen      total 25088K, used 18253K [0x00000000eab00000, 0x00000000ec780000, 0x0000000100000000)
  eden space 22016K, 78% used [0x00000000eab00000,0x00000000ebbdcac8,0x00000000ec080000)
  from space 3072K, 32% used [0x00000000ec280000,0x00000000ec376c08,0x00000000ec580000)
  to   space 1536K, 0% used [0x00000000ec600000,0x00000000ec600000,0x00000000ec780000)
 ParOldGen       total 68608K, used 40231K [0x00000000c0000000, 0x00000000c4300000, 0x00000000eab00000)
  object space 68608K, 58% used [0x00000000c0000000,0x00000000c2749d98,0x00000000c4300000)
 Metaspace       used 64322K, committed 65664K, reserved 1114112K
  class space    used 6862K, committed 7488K, reserved 1048576K
GC Heap History (20 events):
Event: 18.792 GC heap before
{Heap before GC invocations=27 (full 2):
 PSYoungGen      total 24576K, used 24068K [0x00000000eab00000, 0x00000000ec580000, 0x0000000100000000)
  eden space 22016K, 100% used [0x00000000eab00000,0x00000000ec080000,0x00000000ec080000)
  from space 2560K, 80% used [0x00000000ec300000,0x00000000ec5011d0,0x00000000ec580000)
  to   space 2560K, 0% used [0x00000000ec080000,0x00000000ec080000,0x00000000ec300000)
 ParOldGen       total 68608K, used 29219K [0x00000000c0000000, 0x00000000c4300000, 0x00000000eab00000)
  object space 68608K, 42% used [0x00000000c0000000,0x00000000c1c88cb0,0x00000000c4300000)
 Metaspace       used 55790K, committed 57024K, reserved 1114112K
  class space    used 6004K, committed 6528K, reserved 1048576K
}
Event: 18.799 GC heap after
{Heap after GC invocations=27 (full 2):
 PSYoungGen      total 24064K, used 1888K [0x00000000eab00000, 0x00000000ec480000, 0x0000000100000000)
  eden space 22016K, 0% used [0x00000000eab00000,0x00000000eab00000,0x00000000ec080000)
  from space 2048K, 92% used [0x00000000ec080000,0x00000000ec258080,0x00000000ec280000)
  to   space 2048K, 0% used [0x00000000ec280000,0x00000000ec280000,0x00000000ec480000)
 ParOldGen       total 68608K, used 31007K [0x00000000c0000000, 0x00000000c4300000, 0x00000000eab00000)
  object space 68608K, 45% used [0x00000000c0000000,0x00000000c1e47d48,0x00000000c4300000)
 Metaspace       used 55790K, committed 57024K, reserved 1114112K
  class space    used 6004K, committed 6528K, reserved 1048576K
}
Event: 18.851 GC heap before
{Heap before GC invocations=28 (full 2):
 PSYoungGen      total 24064K, used 23904K [0x00000000eab00000, 0x00000000ec480000, 0x0000000100000000)
  eden space 22016K, 100% used [0x00000000eab00000,0x00000000ec080000,0x00000000ec080000)
  from space 2048K, 92% used [0x00000000ec080000,0x00000000ec258080,0x00000000ec280000)
  to   space 2048K, 0% used [0x00000000ec280000,0x00000000ec280000,0x00000000ec480000)
 ParOldGen       total 68608K, used 31007K [0x00000000c0000000, 0x00000000c4300000, 0x00000000eab00000)
  object space 68608K, 45% used [0x00000000c0000000,0x00000000c1e47d48,0x00000000c4300000)
 Metaspace       used 56120K, committed 57280K, reserved 1114112K
  class space    used 6039K, committed 6528K, reserved 1048576K
}
Event: 18.854 GC heap after
{Heap after GC invocations=28 (full 2):
 PSYoungGen      total 24064K, used 1948K [0x00000000eab00000, 0x00000000ec480000, 0x0000000100000000)
  eden space 22016K, 0% used [0x00000000eab00000,0x00000000eab00000,0x00000000ec080000)
  from space 2048K, 95% used [0x00000000ec280000,0x00000000ec4670b0,0x00000000ec480000)
  to   space 2048K, 0% used [0x00000000ec080000,0x00000000ec080000,0x00000000ec280000)
 ParOldGen       total 68608K, used 32807K [0x00000000c0000000, 0x00000000c4300000, 0x00000000eab00000)
  object space 68608K, 47% used [0x00000000c0000000,0x00000000c2009ca0,0x00000000c4300000)
 Metaspace       used 56120K, committed 57280K, reserved 1114112K
  class space    used 6039K, committed 6528K, reserved 1048576K
}
Event: 18.967 GC heap before
{Heap before GC invocations=29 (full 2):
 PSYoungGen      total 24064K, used 23961K [0x00000000eab00000, 0x00000000ec480000, 0x0000000100000000)
  eden space 22016K, 99% used [0x00000000eab00000,0x00000000ec07f6e0,0x00000000ec080000)
  from space 2048K, 95% used [0x00000000ec280000,0x00000000ec4670b0,0x00000000ec480000)
  to   space 2048K, 0% used [0x00000000ec080000,0x00000000ec080000,0x00000000ec280000)
 ParOldGen       total 68608K, used 32807K [0x00000000c0000000, 0x00000000c4300000, 0x00000000eab00000)
  object space 68608K, 47% used [0x00000000c0000000,0x00000000c2009ca0,0x00000000c4300000)
 Metaspace       used 56818K, committed 58048K, reserved 1114112K
  class space    used 6123K, committed 6656K, reserved 1048576K
}
Event: 18.972 GC heap after
{Heap after GC invocations=29 (full 2):
 PSYoungGen      total 23552K, used 1190K [0x00000000eab00000, 0x00000000ec380000, 0x0000000100000000)
  eden space 22016K, 0% used [0x00000000eab00000,0x00000000eab00000,0x00000000ec080000)
  from space 1536K, 77% used [0x00000000ec080000,0x00000000ec1a9948,0x00000000ec200000)
  to   space 1536K, 0% used [0x00000000ec200000,0x00000000ec200000,0x00000000ec380000)
 ParOldGen       total 68608K, used 34607K [0x00000000c0000000, 0x00000000c4300000, 0x00000000eab00000)
  object space 68608K, 50% used [0x00000000c0000000,0x00000000c21cbcb0,0x00000000c4300000)
 Metaspace       used 56818K, committed 58048K, reserved 1114112K
  class space    used 6123K, committed 6656K, reserved 1048576K
}
Event: 19.621 GC heap before
{Heap before GC invocations=30 (full 2):
 PSYoungGen      total 23552K, used 15002K [0x00000000eab00000, 0x00000000ec380000, 0x0000000100000000)
  eden space 22016K, 62% used [0x00000000eab00000,0x00000000eb87d1a0,0x00000000ec080000)
  from space 1536K, 77% used [0x00000000ec080000,0x00000000ec1a9948,0x00000000ec200000)
  to   space 1536K, 0% used [0x00000000ec200000,0x00000000ec200000,0x00000000ec380000)
 ParOldGen       total 68608K, used 34607K [0x00000000c0000000, 0x00000000c4300000, 0x00000000eab00000)
  object space 68608K, 50% used [0x00000000c0000000,0x00000000c21cbcb0,0x00000000c4300000)
 Metaspace       used 58657K, committed 59776K, reserved 1114112K
  class space    used 6279K, committed 6784K, reserved 1048576K
}
Event: 19.626 GC heap after
{Heap after GC invocations=30 (full 2):
 PSYoungGen      total 23040K, used 738K [0x00000000eab00000, 0x00000000ec300000, 0x0000000100000000)
  eden space 22016K, 0% used [0x00000000eab00000,0x00000000eab00000,0x00000000ec080000)
  from space 1024K, 72% used [0x00000000ec200000,0x00000000ec2b8bd8,0x00000000ec300000)
  to   space 1024K, 0% used [0x00000000ec100000,0x00000000ec100000,0x00000000ec200000)
 ParOldGen       total 68608K, used 35691K [0x00000000c0000000, 0x00000000c4300000, 0x00000000eab00000)
  object space 68608K, 52% used [0x00000000c0000000,0x00000000c22dad08,0x00000000c4300000)
 Metaspace       used 58657K, committed 59776K, reserved 1114112K
  class space    used 6279K, committed 6784K, reserved 1048576K
}
Event: 19.626 GC heap before
{Heap before GC invocations=31 (full 3):
 PSYoungGen      total 23040K, used 738K [0x00000000eab00000, 0x00000000ec300000, 0x0000000100000000)
  eden space 22016K, 0% used [0x00000000eab00000,0x00000000eab00000,0x00000000ec080000)
  from space 1024K, 72% used [0x00000000ec200000,0x00000000ec2b8bd8,0x00000000ec300000)
  to   space 1024K, 0% used [0x00000000ec100000,0x00000000ec100000,0x00000000ec200000)
 ParOldGen       total 68608K, used 35691K [0x00000000c0000000, 0x00000000c4300000, 0x00000000eab00000)
  object space 68608K, 52% used [0x00000000c0000000,0x00000000c22dad08,0x00000000c4300000)
 Metaspace       used 58657K, committed 59776K, reserved 1114112K
  class space    used 6279K, committed 6784K, reserved 1048576K
}
Event: 19.735 GC heap after
{Heap after GC invocations=31 (full 3):
 PSYoungGen      total 23040K, used 0K [0x00000000eab00000, 0x00000000ec300000, 0x0000000100000000)
  eden space 22016K, 0% used [0x00000000eab00000,0x00000000eab00000,0x00000000ec080000)
  from space 1024K, 0% used [0x00000000ec200000,0x00000000ec200000,0x00000000ec300000)
  to   space 1024K, 0% used [0x00000000ec100000,0x00000000ec100000,0x00000000ec200000)
 ParOldGen       total 68608K, used 34556K [0x00000000c0000000, 0x00000000c4300000, 0x00000000eab00000)
  object space 68608K, 50% used [0x00000000c0000000,0x00000000c21bf020,0x00000000c4300000)
 Metaspace       used 58657K, committed 59776K, reserved 1114112K
  class space    used 6279K, committed 6784K, reserved 1048576K
}
Event: 20.490 GC heap before
{Heap before GC invocations=32 (full 3):
 PSYoungGen      total 23040K, used 22016K [0x00000000eab00000, 0x00000000ec300000, 0x0000000100000000)
  eden space 22016K, 100% used [0x00000000eab00000,0x00000000ec080000,0x00000000ec080000)
  from space 1024K, 0% used [0x00000000ec200000,0x00000000ec200000,0x00000000ec300000)
  to   space 1024K, 0% used [0x00000000ec100000,0x00000000ec100000,0x00000000ec200000)
 ParOldGen       total 68608K, used 34556K [0x00000000c0000000, 0x00000000c4300000, 0x00000000eab00000)
  object space 68608K, 50% used [0x00000000c0000000,0x00000000c21bf020,0x00000000c4300000)
 Metaspace       used 59428K, committed 60544K, reserved 1114112K
  class space    used 6372K, committed 6848K, reserved 1048576K
}
Event: 20.491 GC heap after
{Heap after GC invocations=32 (full 3):
 PSYoungGen      total 23040K, used 1005K [0x00000000eab00000, 0x00000000ec480000, 0x0000000100000000)
  eden space 22016K, 0% used [0x00000000eab00000,0x00000000eab00000,0x00000000ec080000)
  from space 1024K, 98% used [0x00000000ec100000,0x00000000ec1fb530,0x00000000ec200000)
  to   space 2048K, 0% used [0x00000000ec280000,0x00000000ec280000,0x00000000ec480000)
 ParOldGen       total 68608K, used 35149K [0x00000000c0000000, 0x00000000c4300000, 0x00000000eab00000)
  object space 68608K, 51% used [0x00000000c0000000,0x00000000c22536c8,0x00000000c4300000)
 Metaspace       used 59428K, committed 60544K, reserved 1114112K
  class space    used 6372K, committed 6848K, reserved 1048576K
}
Event: 21.025 GC heap before
{Heap before GC invocations=33 (full 3):
 PSYoungGen      total 23040K, used 22993K [0x00000000eab00000, 0x00000000ec480000, 0x0000000100000000)
  eden space 22016K, 99% used [0x00000000eab00000,0x00000000ec078fd8,0x00000000ec080000)
  from space 1024K, 98% used [0x00000000ec100000,0x00000000ec1fb530,0x00000000ec200000)
  to   space 2048K, 0% used [0x00000000ec280000,0x00000000ec280000,0x00000000ec480000)
 ParOldGen       total 68608K, used 35149K [0x00000000c0000000, 0x00000000c4300000, 0x00000000eab00000)
  object space 68608K, 51% used [0x00000000c0000000,0x00000000c22536c8,0x00000000c4300000)
 Metaspace       used 60895K, committed 62016K, reserved 1114112K
  class space    used 6538K, committed 7040K, reserved 1048576K
}
Event: 21.039 GC heap after
{Heap after GC invocations=33 (full 3):
 PSYoungGen      total 24064K, used 1566K [0x00000000eab00000, 0x00000000ec480000, 0x0000000100000000)
  eden space 22016K, 0% used [0x00000000eab00000,0x00000000eab00000,0x00000000ec080000)
  from space 2048K, 76% used [0x00000000ec280000,0x00000000ec407be0,0x00000000ec480000)
  to   space 2048K, 0% used [0x00000000ec080000,0x00000000ec080000,0x00000000ec280000)
 ParOldGen       total 68608K, used 35389K [0x00000000c0000000, 0x00000000c4300000, 0x00000000eab00000)
  object space 68608K, 51% used [0x00000000c0000000,0x00000000c228f6e8,0x00000000c4300000)
 Metaspace       used 60895K, committed 62016K, reserved 1114112K
  class space    used 6538K, committed 7040K, reserved 1048576K
}
Event: 21.318 GC heap before
{Heap before GC invocations=34 (full 3):
 PSYoungGen      total 24064K, used 23525K [0x00000000eab00000, 0x00000000ec480000, 0x0000000100000000)
  eden space 22016K, 99% used [0x00000000eab00000,0x00000000ec071950,0x00000000ec080000)
  from space 2048K, 76% used [0x00000000ec280000,0x00000000ec407be0,0x00000000ec480000)
  to   space 2048K, 0% used [0x00000000ec080000,0x00000000ec080000,0x00000000ec280000)
 ParOldGen       total 68608K, used 35389K [0x00000000c0000000, 0x00000000c4300000, 0x00000000eab00000)
  object space 68608K, 51% used [0x00000000c0000000,0x00000000c228f6e8,0x00000000c4300000)
 Metaspace       used 61697K, committed 62912K, reserved 1114112K
  class space    used 6598K, committed 7104K, reserved 1048576K
}
Event: 21.321 GC heap after
{Heap after GC invocations=34 (full 3):
 PSYoungGen      total 24064K, used 2038K [0x00000000eab00000, 0x00000000ecd80000, 0x0000000100000000)
  eden space 22016K, 0% used [0x00000000eab00000,0x00000000eab00000,0x00000000ec080000)
  from space 2048K, 99% used [0x00000000ec080000,0x00000000ec27dbb8,0x00000000ec280000)
  to   space 6656K, 0% used [0x00000000ec700000,0x00000000ec700000,0x00000000ecd80000)
 ParOldGen       total 68608K, used 39261K [0x00000000c0000000, 0x00000000c4300000, 0x00000000eab00000)
  object space 68608K, 57% used [0x00000000c0000000,0x00000000c2657690,0x00000000c4300000)
 Metaspace       used 61697K, committed 62912K, reserved 1114112K
  class space    used 6598K, committed 7104K, reserved 1048576K
}
Event: 21.581 GC heap before
{Heap before GC invocations=35 (full 3):
 PSYoungGen      total 24064K, used 24054K [0x00000000eab00000, 0x00000000ecd80000, 0x0000000100000000)
  eden space 22016K, 100% used [0x00000000eab00000,0x00000000ec080000,0x00000000ec080000)
  from space 2048K, 99% used [0x00000000ec080000,0x00000000ec27dbb8,0x00000000ec280000)
  to   space 6656K, 0% used [0x00000000ec700000,0x00000000ec700000,0x00000000ecd80000)
 ParOldGen       total 68608K, used 39261K [0x00000000c0000000, 0x00000000c4300000, 0x00000000eab00000)
  object space 68608K, 57% used [0x00000000c0000000,0x00000000c2657690,0x00000000c4300000)
 Metaspace       used 61814K, committed 63040K, reserved 1114112K
  class space    used 6611K, committed 7168K, reserved 1048576K
}
Event: 21.583 GC heap after
{Heap after GC invocations=35 (full 3):
 PSYoungGen      total 23552K, used 1463K [0x00000000eab00000, 0x00000000ec880000, 0x0000000100000000)
  eden space 22016K, 0% used [0x00000000eab00000,0x00000000eab00000,0x00000000ec080000)
  from space 1536K, 95% used [0x00000000ec700000,0x00000000ec86dc58,0x00000000ec880000)
  to   space 3072K, 0% used [0x00000000ec280000,0x00000000ec280000,0x00000000ec580000)
 ParOldGen       total 68608K, used 39642K [0x00000000c0000000, 0x00000000c4300000, 0x00000000eab00000)
  object space 68608K, 57% used [0x00000000c0000000,0x00000000c26b68d8,0x00000000c4300000)
 Metaspace       used 61814K, committed 63040K, reserved 1114112K
  class space    used 6611K, committed 7168K, reserved 1048576K
}
Event: 21.878 GC heap before
{Heap before GC invocations=36 (full 3):
 PSYoungGen      total 23552K, used 23479K [0x00000000eab00000, 0x00000000ec880000, 0x0000000100000000)
  eden space 22016K, 100% used [0x00000000eab00000,0x00000000ec080000,0x00000000ec080000)
  from space 1536K, 95% used [0x00000000ec700000,0x00000000ec86dc58,0x00000000ec880000)
  to   space 3072K, 0% used [0x00000000ec280000,0x00000000ec280000,0x00000000ec580000)
 ParOldGen       total 68608K, used 39642K [0x00000000c0000000, 0x00000000c4300000, 0x00000000eab00000)
  object space 68608K, 57% used [0x00000000c0000000,0x00000000c26b68d8,0x00000000c4300000)
 Metaspace       used 63237K, committed 64512K, reserved 1114112K
  class space    used 6765K, committed 7360K, reserved 1048576K
}
Event: 21.882 GC heap after
{Heap after GC invocations=36 (full 3):
 PSYoungGen      total 25088K, used 987K [0x00000000eab00000, 0x00000000ec780000, 0x0000000100000000)
  eden space 22016K, 0% used [0x00000000eab00000,0x00000000eab00000,0x00000000ec080000)
  from space 3072K, 32% used [0x00000000ec280000,0x00000000ec376c08,0x00000000ec580000)
  to   space 1536K, 0% used [0x00000000ec600000,0x00000000ec600000,0x00000000ec780000)
 ParOldGen       total 68608K, used 40231K [0x00000000c0000000, 0x00000000c4300000, 0x00000000eab00000)
  object space 68608K, 58% used [0x00000000c0000000,0x00000000c2749d98,0x00000000c4300000)
 Metaspace       used 63237K, committed 64512K, reserved 1114112K
  class space    used 6765K, committed 7360K, reserved 1048576K
}

