# JRE version: Java(TM) SE Runtime Environment (22.0.2+9) (build 22.0.2+9-70)
# Java VM: Java HotSpot(TM) 64-Bit Server VM (22.0.2+9-70, mixed mode, sharing, tiered, compressed oops, compressed class ptrs, g1 gc, windows-amd64)
GC Precious Log:
 CardTable entry size: 512
 Card Set container configuration: InlinePtr #cards 5 size 8 Array Of Cards #cards 12 size 40 Howl #buckets 4 coarsen threshold 1843 Howl Bitmap #cards 512 size 80 coarsen threshold 460 Card regions per heap region 1 cards per card region 2048
 CPUs: 4 total, 4 available
 Memory: 3863M
 Large Page Support: Disabled
 NUMA Support: Disabled
 Compressed Oops: Enabled (32-bit)
 Heap Region Size: 1M
 Heap Min Capacity: 8M
 Heap Initial Capacity: 62M
 Heap Max Capacity: 966M
 Pre-touch: Disabled
 Parallel Workers: 4
 Concurrent Workers: 1
 Concurrent Refinement Workers: 4
 Periodic GC: Disabled
Heap:
 garbage-first heap   total reserved 989184K, committed 51200K, used 31140K [0x00000000c3a00000, 0x0000000100000000)
  region size 1024K, 6 young (6144K), 3 survivors (3072K)
 Metaspace       used 65906K, committed 66688K, reserved 1114112K
  class space    used 8806K, committed 9152K, reserved 1048576K
GC Heap History (20 events):
Event: 29.031 GC heap after
{Heap after GC invocations=19 (full 1):
 garbage-first heap   total reserved 989184K, committed 48128K, used 23399K [0x00000000c3a00000, 0x0000000100000000)
  region size 1024K, 0 young (0K), 0 survivors (0K)
 Metaspace       used 63368K, committed 64064K, reserved 1114112K
  class space    used 8640K, committed 8960K, reserved 1048576K
}
Event: 29.773 GC heap before
{Heap before GC invocations=19 (full 1):
 garbage-first heap   total reserved 989184K, committed 48128K, used 40807K [0x00000000c3a00000, 0x0000000100000000)
  region size 1024K, 17 young (17408K), 0 survivors (0K)
 Metaspace       used 63464K, committed 64192K, reserved 1114112K
  class space    used 8643K, committed 8960K, reserved 1048576K
}
Event: 29.776 GC heap after
{Heap after GC invocations=20 (full 1):
 garbage-first heap   total reserved 989184K, committed 48128K, used 25193K [0x00000000c3a00000, 0x0000000100000000)
  region size 1024K, 2 young (2048K), 2 survivors (2048K)
 Metaspace       used 63464K, committed 64192K, reserved 1114112K
  class space    used 8643K, committed 8960K, reserved 1048576K
}
Event: 30.430 GC heap before
{Heap before GC invocations=21 (full 1):
 garbage-first heap   total reserved 989184K, committed 48128K, used 40553K [0x00000000c3a00000, 0x0000000100000000)
  region size 1024K, 17 young (17408K), 2 survivors (2048K)
 Metaspace       used 63675K, committed 64448K, reserved 1114112K
  class space    used 8647K, committed 8960K, reserved 1048576K
}
Event: 30.434 GC heap after
{Heap after GC invocations=22 (full 1):
 garbage-first heap   total reserved 989184K, committed 48128K, used 26343K [0x00000000c3a00000, 0x0000000100000000)
  region size 1024K, 2 young (2048K), 2 survivors (2048K)
 Metaspace       used 63675K, committed 64448K, reserved 1114112K
  class space    used 8647K, committed 8960K, reserved 1048576K
}
Event: 30.745 GC heap before
{Heap before GC invocations=22 (full 1):
 garbage-first heap   total reserved 989184K, committed 48128K, used 38631K [0x00000000c3a00000, 0x0000000100000000)
  region size 1024K, 15 young (15360K), 2 survivors (2048K)
 Metaspace       used 63992K, committed 64704K, reserved 1114112K
  class space    used 8664K, committed 8960K, reserved 1048576K
}
Event: 30.748 GC heap after
{Heap after GC invocations=23 (full 1):
 garbage-first heap   total reserved 989184K, committed 48128K, used 27439K [0x00000000c3a00000, 0x0000000100000000)
  region size 1024K, 2 young (2048K), 2 survivors (2048K)
 Metaspace       used 63992K, committed 64704K, reserved 1114112K
  class space    used 8664K, committed 8960K, reserved 1048576K
}
Event: 30.920 GC heap before
{Heap before GC invocations=23 (full 1):
 garbage-first heap   total reserved 989184K, committed 48128K, used 40751K [0x00000000c3a00000, 0x0000000100000000)
  region size 1024K, 15 young (15360K), 2 survivors (2048K)
 Metaspace       used 64254K, committed 64960K, reserved 1114112K
  class space    used 8669K, committed 8960K, reserved 1048576K
}
Event: 30.924 GC heap after
{Heap after GC invocations=24 (full 1):
 garbage-first heap   total reserved 989184K, committed 48128K, used 28995K [0x00000000c3a00000, 0x0000000100000000)
  region size 1024K, 2 young (2048K), 2 survivors (2048K)
 Metaspace       used 64254K, committed 64960K, reserved 1114112K
  class space    used 8669K, committed 8960K, reserved 1048576K
}
Event: 66.339 GC heap before
{Heap before GC invocations=25 (full 1):
 garbage-first heap   total reserved 989184K, committed 51200K, used 33091K [0x00000000c3a00000, 0x0000000100000000)
  region size 1024K, 7 young (7168K), 2 survivors (2048K)
 Metaspace       used 64331K, committed 65088K, reserved 1114112K
  class space    used 8671K, committed 8960K, reserved 1048576K
}
Event: 66.399 GC heap after
{Heap after GC invocations=26 (full 2):
 garbage-first heap   total reserved 989184K, committed 51200K, used 23650K [0x00000000c3a00000, 0x0000000100000000)
  region size 1024K, 0 young (0K), 0 survivors (0K)
 Metaspace       used 64329K, committed 65088K, reserved 1114112K
  class space    used 8671K, committed 8960K, reserved 1048576K
}
Event: 68.153 GC heap before
{Heap before GC invocations=26 (full 2):
 garbage-first heap   total reserved 989184K, committed 51200K, used 43106K [0x00000000c3a00000, 0x0000000100000000)
  region size 1024K, 19 young (19456K), 0 survivors (0K)
 Metaspace       used 64459K, committed 65216K, reserved 1114112K
  class space    used 8674K, committed 9024K, reserved 1048576K
}
Event: 68.156 GC heap after
{Heap after GC invocations=27 (full 2):
 garbage-first heap   total reserved 989184K, committed 51200K, used 25517K [0x00000000c3a00000, 0x0000000100000000)
  region size 1024K, 2 young (2048K), 2 survivors (2048K)
 Metaspace       used 64459K, committed 65216K, reserved 1114112K
  class space    used 8674K, committed 9024K, reserved 1048576K
}
Event: 69.294 GC heap before
{Heap before GC invocations=28 (full 2):
 garbage-first heap   total reserved 989184K, committed 51200K, used 42925K [0x00000000c3a00000, 0x0000000100000000)
  region size 1024K, 20 young (20480K), 2 survivors (2048K)
 Metaspace       used 64855K, committed 65600K, reserved 1114112K
  class space    used 8709K, committed 9024K, reserved 1048576K
}
Event: 69.298 GC heap after
{Heap after GC invocations=29 (full 2):
 garbage-first heap   total reserved 989184K, committed 51200K, used 27003K [0x00000000c3a00000, 0x0000000100000000)
  region size 1024K, 2 young (2048K), 2 survivors (2048K)
 Metaspace       used 64855K, committed 65600K, reserved 1114112K
  class space    used 8709K, committed 9024K, reserved 1048576K
}
Event: 70.073 GC heap before
{Heap before GC invocations=29 (full 2):
 garbage-first heap   total reserved 989184K, committed 51200K, used 43387K [0x00000000c3a00000, 0x0000000100000000)
  region size 1024K, 18 young (18432K), 2 survivors (2048K)
 Metaspace       used 65675K, committed 66496K, reserved 1114112K
  class space    used 8797K, committed 9152K, reserved 1048576K
}
Event: 70.077 GC heap after
{Heap after GC invocations=30 (full 2):
 garbage-first heap   total reserved 989184K, committed 51200K, used 28359K [0x00000000c3a00000, 0x0000000100000000)
  region size 1024K, 3 young (3072K), 3 survivors (3072K)
 Metaspace       used 65675K, committed 66496K, reserved 1114112K
  class space    used 8797K, committed 9152K, reserved 1048576K
}
Event: 450.718 GC heap before
{Heap before GC invocations=30 (full 2):
 garbage-first heap   total reserved 989184K, committed 51200K, used 43719K [0x00000000c3a00000, 0x0000000100000000)
  region size 1024K, 18 young (18432K), 3 survivors (3072K)
 Metaspace       used 65903K, committed 66688K, reserved 1114112K
  class space    used 8806K, committed 9152K, reserved 1048576K
}
Event: 450.876 GC heap after
{Heap after GC invocations=31 (full 2):
 garbage-first heap   total reserved 989184K, committed 51200K, used 29092K [0x00000000c3a00000, 0x0000000100000000)
  region size 1024K, 3 young (3072K), 3 survivors (3072K)
 Metaspace       used 65903K, committed 66688K, reserved 1114112K
  class space    used 8806K, committed 9152K, reserved 1048576K
}
Event: 558.681 GC heap before
{Heap before GC invocations=32 (full 2):
 garbage-first heap   total reserved 989184K, committed 51200K, used 31140K [0x00000000c3a00000, 0x0000000100000000)
  region size 1024K, 6 young (6144K), 3 survivors (3072K)
 Metaspace       used 65906K, committed 66688K, reserved 1114112K
  class space    used 8806K, committed 9152K, reserved 1048576K
}

