# JRE version: OpenJDK Runtime Environment Temurin-17.0.12+7 (17.0.12+7) (build 17.0.12+7)
# Java VM: OpenJDK 64-Bit Server VM Temurin-17.0.12+7 (17.0.12+7, mixed mode, tiered, compressed oops, compressed class ptrs, parallel gc, windows-amd64)
GC Precious Log:
 CPUs: 4 total, 4 available
 Memory: 3863M
 Large Page Support: Disabled
 NUMA Support: Disabled
 Compressed Oops: Enabled (32-bit)
 Alignments: Space 512K, Generation 512K, Heap 2M
 Heap Min Capacity: 100M
 Heap Initial Capacity: 100M
 Heap Max Capacity: 1G
 Pre-touch: Disabled
 Parallel Workers: 4
Heap:
 PSYoungGen      total 23040K, used 20196K [0x00000000eab00000, 0x00000000ec480000, 0x0000000100000000)
  eden space 22016K, 87% used [0x00000000eab00000,0x00000000ebde3700,0x00000000ec080000)
  from space 1024K, 83% used [0x00000000ec380000,0x00000000ec455b68,0x00000000ec480000)
  to   space 1536K, 0% used [0x00000000ec180000,0x00000000ec180000,0x00000000ec300000)
 ParOldGen       total 68608K, used 20809K [0x00000000c0000000, 0x00000000c4300000, 0x00000000eab00000)
  object space 68608K, 30% used [0x00000000c0000000,0x00000000c1452698,0x00000000c4300000)
 Metaspace       used 45123K, committed 45952K, reserved 1114112K
  class space    used 4566K, committed 4928K, reserved 1048576K
GC Heap History (20 events):
Event: 10.889 GC heap before
{Heap before GC invocations=9 (full 1):
 PSYoungGen      total 26624K, used 26600K [0x00000000eab00000, 0x00000000ecb80000, 0x0000000100000000)
  eden space 24064K, 100% used [0x00000000eab00000,0x00000000ec280000,0x00000000ec280000)
  from space 2560K, 99% used [0x00000000ec380000,0x00000000ec5fa2b0,0x00000000ec600000)
  to   space 4608K, 0% used [0x00000000ec700000,0x00000000ec700000,0x00000000ecb80000)
 ParOldGen       total 68608K, used 8492K [0x00000000c0000000, 0x00000000c4300000, 0x00000000eab00000)
  object space 68608K, 12% used [0x00000000c0000000,0x00000000c084b328,0x00000000c4300000)
 Metaspace       used 34068K, committed 34688K, reserved 1114112K
  class space    used 3395K, committed 3712K, reserved 1048576K
}
Event: 10.893 GC heap after
{Heap after GC invocations=9 (full 1):
 PSYoungGen      total 27648K, used 3657K [0x00000000eab00000, 0x00000000ecb00000, 0x0000000100000000)
  eden space 23552K, 0% used [0x00000000eab00000,0x00000000eab00000,0x00000000ec200000)
  from space 4096K, 89% used [0x00000000ec700000,0x00000000eca925d0,0x00000000ecb00000)
  to   space 4096K, 0% used [0x00000000ec300000,0x00000000ec300000,0x00000000ec700000)
 ParOldGen       total 68608K, used 8500K [0x00000000c0000000, 0x00000000c4300000, 0x00000000eab00000)
  object space 68608K, 12% used [0x00000000c0000000,0x00000000c084d328,0x00000000c4300000)
 Metaspace       used 34068K, committed 34688K, reserved 1114112K
  class space    used 3395K, committed 3712K, reserved 1048576K
}
Event: 11.170 GC heap before
{Heap before GC invocations=10 (full 1):
 PSYoungGen      total 27648K, used 11810K [0x00000000eab00000, 0x00000000ecb00000, 0x0000000100000000)
  eden space 23552K, 34% used [0x00000000eab00000,0x00000000eb2f63b0,0x00000000ec200000)
  from space 4096K, 89% used [0x00000000ec700000,0x00000000eca925d0,0x00000000ecb00000)
  to   space 4096K, 0% used [0x00000000ec300000,0x00000000ec300000,0x00000000ec700000)
 ParOldGen       total 68608K, used 8500K [0x00000000c0000000, 0x00000000c4300000, 0x00000000eab00000)
  object space 68608K, 12% used [0x00000000c0000000,0x00000000c084d328,0x00000000c4300000)
 Metaspace       used 35272K, committed 35840K, reserved 1114112K
  class space    used 3515K, committed 3776K, reserved 1048576K
}
Event: 11.174 GC heap after
{Heap after GC invocations=10 (full 1):
 PSYoungGen      total 27136K, used 3153K [0x00000000eab00000, 0x00000000ec900000, 0x0000000100000000)
  eden space 23552K, 0% used [0x00000000eab00000,0x00000000eab00000,0x00000000ec200000)
  from space 3584K, 87% used [0x00000000ec300000,0x00000000ec6146b8,0x00000000ec680000)
  to   space 2560K, 0% used [0x00000000ec680000,0x00000000ec680000,0x00000000ec900000)
 ParOldGen       total 68608K, used 9700K [0x00000000c0000000, 0x00000000c4300000, 0x00000000eab00000)
  object space 68608K, 14% used [0x00000000c0000000,0x00000000c09790c0,0x00000000c4300000)
 Metaspace       used 35272K, committed 35840K, reserved 1114112K
  class space    used 3515K, committed 3776K, reserved 1048576K
}
Event: 11.174 GC heap before
{Heap before GC invocations=11 (full 2):
 PSYoungGen      total 27136K, used 3153K [0x00000000eab00000, 0x00000000ec900000, 0x0000000100000000)
  eden space 23552K, 0% used [0x00000000eab00000,0x00000000eab00000,0x00000000ec200000)
  from space 3584K, 87% used [0x00000000ec300000,0x00000000ec6146b8,0x00000000ec680000)
  to   space 2560K, 0% used [0x00000000ec680000,0x00000000ec680000,0x00000000ec900000)
 ParOldGen       total 68608K, used 9700K [0x00000000c0000000, 0x00000000c4300000, 0x00000000eab00000)
  object space 68608K, 14% used [0x00000000c0000000,0x00000000c09790c0,0x00000000c4300000)
 Metaspace       used 35272K, committed 35840K, reserved 1114112K
  class space    used 3515K, committed 3776K, reserved 1048576K
}
Event: 11.211 GC heap after
{Heap after GC invocations=11 (full 2):
 PSYoungGen      total 27136K, used 0K [0x00000000eab00000, 0x00000000ec900000, 0x0000000100000000)
  eden space 23552K, 0% used [0x00000000eab00000,0x00000000eab00000,0x00000000ec200000)
  from space 3584K, 0% used [0x00000000ec300000,0x00000000ec300000,0x00000000ec680000)
  to   space 2560K, 0% used [0x00000000ec680000,0x00000000ec680000,0x00000000ec900000)
 ParOldGen       total 68608K, used 12626K [0x00000000c0000000, 0x00000000c4300000, 0x00000000eab00000)
  object space 68608K, 18% used [0x00000000c0000000,0x00000000c0c54b58,0x00000000c4300000)
 Metaspace       used 35272K, committed 35840K, reserved 1114112K
  class space    used 3515K, committed 3776K, reserved 1048576K
}
Event: 12.041 GC heap before
{Heap before GC invocations=12 (full 2):
 PSYoungGen      total 27136K, used 23552K [0x00000000eab00000, 0x00000000ec900000, 0x0000000100000000)
  eden space 23552K, 100% used [0x00000000eab00000,0x00000000ec200000,0x00000000ec200000)
  from space 3584K, 0% used [0x00000000ec300000,0x00000000ec300000,0x00000000ec680000)
  to   space 2560K, 0% used [0x00000000ec680000,0x00000000ec680000,0x00000000ec900000)
 ParOldGen       total 68608K, used 12626K [0x00000000c0000000, 0x00000000c4300000, 0x00000000eab00000)
  object space 68608K, 18% used [0x00000000c0000000,0x00000000c0c54b58,0x00000000c4300000)
 Metaspace       used 38145K, committed 38976K, reserved 1114112K
  class space    used 3856K, committed 4224K, reserved 1048576K
}
Event: 12.046 GC heap after
{Heap after GC invocations=12 (full 2):
 PSYoungGen      total 25088K, used 1731K [0x00000000eab00000, 0x00000000ec880000, 0x0000000100000000)
  eden space 23040K, 0% used [0x00000000eab00000,0x00000000eab00000,0x00000000ec180000)
  from space 2048K, 84% used [0x00000000ec680000,0x00000000ec830e00,0x00000000ec880000)
  to   space 2560K, 0% used [0x00000000ec380000,0x00000000ec380000,0x00000000ec600000)
 ParOldGen       total 68608K, used 12634K [0x00000000c0000000, 0x00000000c4300000, 0x00000000eab00000)
  object space 68608K, 18% used [0x00000000c0000000,0x00000000c0c56b58,0x00000000c4300000)
 Metaspace       used 38145K, committed 38976K, reserved 1114112K
  class space    used 3856K, committed 4224K, reserved 1048576K
}
Event: 12.465 GC heap before
{Heap before GC invocations=13 (full 2):
 PSYoungGen      total 25088K, used 24771K [0x00000000eab00000, 0x00000000ec880000, 0x0000000100000000)
  eden space 23040K, 100% used [0x00000000eab00000,0x00000000ec180000,0x00000000ec180000)
  from space 2048K, 84% used [0x00000000ec680000,0x00000000ec830e00,0x00000000ec880000)
  to   space 2560K, 0% used [0x00000000ec380000,0x00000000ec380000,0x00000000ec600000)
 ParOldGen       total 68608K, used 12634K [0x00000000c0000000, 0x00000000c4300000, 0x00000000eab00000)
  object space 68608K, 18% used [0x00000000c0000000,0x00000000c0c56b58,0x00000000c4300000)
 Metaspace       used 38561K, committed 39360K, reserved 1114112K
  class space    used 3919K, committed 4288K, reserved 1048576K
}
Event: 12.473 GC heap after
{Heap after GC invocations=13 (full 2):
 PSYoungGen      total 25088K, used 2161K [0x00000000eab00000, 0x00000000ec700000, 0x0000000100000000)
  eden space 22528K, 0% used [0x00000000eab00000,0x00000000eab00000,0x00000000ec100000)
  from space 2560K, 84% used [0x00000000ec380000,0x00000000ec59c460,0x00000000ec600000)
  to   space 1024K, 0% used [0x00000000ec600000,0x00000000ec600000,0x00000000ec700000)
 ParOldGen       total 68608K, used 14212K [0x00000000c0000000, 0x00000000c4300000, 0x00000000eab00000)
  object space 68608K, 20% used [0x00000000c0000000,0x00000000c0de10d0,0x00000000c4300000)
 Metaspace       used 38561K, committed 39360K, reserved 1114112K
  class space    used 3919K, committed 4288K, reserved 1048576K
}
Event: 12.837 GC heap before
{Heap before GC invocations=14 (full 2):
 PSYoungGen      total 25088K, used 24689K [0x00000000eab00000, 0x00000000ec700000, 0x0000000100000000)
  eden space 22528K, 100% used [0x00000000eab00000,0x00000000ec100000,0x00000000ec100000)
  from space 2560K, 84% used [0x00000000ec380000,0x00000000ec59c460,0x00000000ec600000)
  to   space 1024K, 0% used [0x00000000ec600000,0x00000000ec600000,0x00000000ec700000)
 ParOldGen       total 68608K, used 14212K [0x00000000c0000000, 0x00000000c4300000, 0x00000000eab00000)
  object space 68608K, 20% used [0x00000000c0000000,0x00000000c0de10d0,0x00000000c4300000)
 Metaspace       used 38682K, committed 39488K, reserved 1114112K
  class space    used 3924K, committed 4288K, reserved 1048576K
}
Event: 12.844 GC heap after
{Heap after GC invocations=14 (full 2):
 PSYoungGen      total 23040K, used 1024K [0x00000000eab00000, 0x00000000ec980000, 0x0000000100000000)
  eden space 22016K, 0% used [0x00000000eab00000,0x00000000eab00000,0x00000000ec080000)
  from space 1024K, 100% used [0x00000000ec600000,0x00000000ec700000,0x00000000ec700000)
  to   space 4608K, 0% used [0x00000000ec080000,0x00000000ec080000,0x00000000ec500000)
 ParOldGen       total 68608K, used 17174K [0x00000000c0000000, 0x00000000c4300000, 0x00000000eab00000)
  object space 68608K, 25% used [0x00000000c0000000,0x00000000c10c5930,0x00000000c4300000)
 Metaspace       used 38682K, committed 39488K, reserved 1114112K
  class space    used 3924K, committed 4288K, reserved 1048576K
}
Event: 13.259 GC heap before
{Heap before GC invocations=15 (full 2):
 PSYoungGen      total 23040K, used 23040K [0x00000000eab00000, 0x00000000ec980000, 0x0000000100000000)
  eden space 22016K, 100% used [0x00000000eab00000,0x00000000ec080000,0x00000000ec080000)
  from space 1024K, 100% used [0x00000000ec600000,0x00000000ec700000,0x00000000ec700000)
  to   space 4608K, 0% used [0x00000000ec080000,0x00000000ec080000,0x00000000ec500000)
 ParOldGen       total 68608K, used 17174K [0x00000000c0000000, 0x00000000c4300000, 0x00000000eab00000)
  object space 68608K, 25% used [0x00000000c0000000,0x00000000c10c5930,0x00000000c4300000)
 Metaspace       used 39892K, committed 40640K, reserved 1114112K
  class space    used 4068K, committed 4416K, reserved 1048576K
}
Event: 13.263 GC heap after
{Heap after GC invocations=15 (full 2):
 PSYoungGen      total 24064K, used 1600K [0x00000000eab00000, 0x00000000ec680000, 0x0000000100000000)
  eden space 22016K, 0% used [0x00000000eab00000,0x00000000eab00000,0x00000000ec080000)
  from space 2048K, 78% used [0x00000000ec080000,0x00000000ec210010,0x00000000ec280000)
  to   space 2560K, 0% used [0x00000000ec400000,0x00000000ec400000,0x00000000ec680000)
 ParOldGen       total 68608K, used 18212K [0x00000000c0000000, 0x00000000c4300000, 0x00000000eab00000)
  object space 68608K, 26% used [0x00000000c0000000,0x00000000c11c91b0,0x00000000c4300000)
 Metaspace       used 39892K, committed 40640K, reserved 1114112K
  class space    used 4068K, committed 4416K, reserved 1048576K
}
Event: 14.368 GC heap before
{Heap before GC invocations=16 (full 2):
 PSYoungGen      total 24064K, used 23616K [0x00000000eab00000, 0x00000000ec680000, 0x0000000100000000)
  eden space 22016K, 100% used [0x00000000eab00000,0x00000000ec080000,0x00000000ec080000)
  from space 2048K, 78% used [0x00000000ec080000,0x00000000ec210010,0x00000000ec280000)
  to   space 2560K, 0% used [0x00000000ec400000,0x00000000ec400000,0x00000000ec680000)
 ParOldGen       total 68608K, used 18212K [0x00000000c0000000, 0x00000000c4300000, 0x00000000eab00000)
  object space 68608K, 26% used [0x00000000c0000000,0x00000000c11c91b0,0x00000000c4300000)
 Metaspace       used 41777K, committed 42624K, reserved 1114112K
  class space    used 4255K, committed 4608K, reserved 1048576K
}
Event: 14.372 GC heap after
{Heap after GC invocations=16 (full 2):
 PSYoungGen      total 23040K, used 598K [0x00000000eab00000, 0x00000000ec500000, 0x0000000100000000)
  eden space 22016K, 0% used [0x00000000eab00000,0x00000000eab00000,0x00000000ec080000)
  from space 1024K, 58% used [0x00000000ec400000,0x00000000ec495a78,0x00000000ec500000)
  to   space 1536K, 0% used [0x00000000ec200000,0x00000000ec200000,0x00000000ec380000)
 ParOldGen       total 68608K, used 19703K [0x00000000c0000000, 0x00000000c4300000, 0x00000000eab00000)
  object space 68608K, 28% used [0x00000000c0000000,0x00000000c133dea0,0x00000000c4300000)
 Metaspace       used 41777K, committed 42624K, reserved 1114112K
  class space    used 4255K, committed 4608K, reserved 1048576K
}
Event: 15.174 GC heap before
{Heap before GC invocations=17 (full 2):
 PSYoungGen      total 23040K, used 22510K [0x00000000eab00000, 0x00000000ec500000, 0x0000000100000000)
  eden space 22016K, 99% used [0x00000000eab00000,0x00000000ec065e48,0x00000000ec080000)
  from space 1024K, 58% used [0x00000000ec400000,0x00000000ec495a78,0x00000000ec500000)
  to   space 1536K, 0% used [0x00000000ec200000,0x00000000ec200000,0x00000000ec380000)
 ParOldGen       total 68608K, used 19703K [0x00000000c0000000, 0x00000000c4300000, 0x00000000eab00000)
  object space 68608K, 28% used [0x00000000c0000000,0x00000000c133dea0,0x00000000c4300000)
 Metaspace       used 42910K, committed 43712K, reserved 1114112K
  class space    used 4357K, committed 4736K, reserved 1048576K
}
Event: 15.178 GC heap after
{Heap after GC invocations=17 (full 2):
 PSYoungGen      total 23552K, used 1519K [0x00000000eab00000, 0x00000000ec480000, 0x0000000100000000)
  eden space 22016K, 0% used [0x00000000eab00000,0x00000000eab00000,0x00000000ec080000)
  from space 1536K, 98% used [0x00000000ec200000,0x00000000ec37bf60,0x00000000ec380000)
  to   space 1024K, 0% used [0x00000000ec380000,0x00000000ec380000,0x00000000ec480000)
 ParOldGen       total 68608K, used 20230K [0x00000000c0000000, 0x00000000c4300000, 0x00000000eab00000)
  object space 68608K, 29% used [0x00000000c0000000,0x00000000c13c1868,0x00000000c4300000)
 Metaspace       used 42910K, committed 43712K, reserved 1114112K
  class space    used 4357K, committed 4736K, reserved 1048576K
}
Event: 15.502 GC heap before
{Heap before GC invocations=18 (full 2):
 PSYoungGen      total 23552K, used 23535K [0x00000000eab00000, 0x00000000ec480000, 0x0000000100000000)
  eden space 22016K, 100% used [0x00000000eab00000,0x00000000ec080000,0x00000000ec080000)
  from space 1536K, 98% used [0x00000000ec200000,0x00000000ec37bf60,0x00000000ec380000)
  to   space 1024K, 0% used [0x00000000ec380000,0x00000000ec380000,0x00000000ec480000)
 ParOldGen       total 68608K, used 20230K [0x00000000c0000000, 0x00000000c4300000, 0x00000000eab00000)
  object space 68608K, 29% used [0x00000000c0000000,0x00000000c13c1868,0x00000000c4300000)
 Metaspace       used 42936K, committed 43776K, reserved 1114112K
  class space    used 4357K, committed 4736K, reserved 1048576K
}
Event: 15.504 GC heap after
{Heap after GC invocations=18 (full 2):
 PSYoungGen      total 23040K, used 854K [0x00000000eab00000, 0x00000000ec480000, 0x0000000100000000)
  eden space 22016K, 0% used [0x00000000eab00000,0x00000000eab00000,0x00000000ec080000)
  from space 1024K, 83% used [0x00000000ec380000,0x00000000ec455b68,0x00000000ec480000)
  to   space 1536K, 0% used [0x00000000ec180000,0x00000000ec180000,0x00000000ec300000)
 ParOldGen       total 68608K, used 20809K [0x00000000c0000000, 0x00000000c4300000, 0x00000000eab00000)
  object space 68608K, 30% used [0x00000000c0000000,0x00000000c1452698,0x00000000c4300000)
 Metaspace       used 42936K, committed 43776K, reserved 1114112K
  class space    used 4357K, committed 4736K, reserved 1048576K
}

