# JRE version: Java(TM) SE Runtime Environment (22.0.2+9) (build 22.0.2+9-70)
# Java VM: Java HotSpot(TM) 64-Bit Server VM (22.0.2+9-70, mixed mode, sharing, tiered, compressed oops, compressed class ptrs, g1 gc, windows-amd64)
GC Precious Log:
 CardTable entry size: 512
 Card Set container configuration: InlinePtr #cards 5 size 8 Array Of Cards #cards 12 size 40 Howl #buckets 4 coarsen threshold 1843 Howl Bitmap #cards 512 size 80 coarsen threshold 460 Card regions per heap region 1 cards per card region 2048
 CPUs: 4 total, 4 available
 Memory: 3863M
 Large Page Support: Disabled
 NUMA Support: Disabled
 Compressed Oops: Enabled (32-bit)
 Heap Region Size: 1M
 Heap Min Capacity: 8M
 Heap Initial Capacity: 62M
 Heap Max Capacity: 966M
 Pre-touch: Disabled
 Parallel Workers: 4
 Concurrent Workers: 1
 Concurrent Refinement Workers: 4
 Periodic GC: Disabled
Heap:
 garbage-first heap   total reserved 989184K, committed 54272K, used 32814K [0x00000000c3a00000, 0x0000000100000000)
  region size 1024K, 5 young (5120K), 3 survivors (3072K)
 Metaspace       used 70263K, committed 70976K, reserved 1114112K
  class space    used 9539K, committed 9856K, reserved 1048576K
GC Heap History (20 events):
Event: 3.801 GC heap before
{Heap before GC invocations=6 (full 0):
 garbage-first heap   total reserved 989184K, committed 45056K, used 33265K [0x00000000c3a00000, 0x0000000100000000)
  region size 1024K, 24 young (24576K), 4 survivors (4096K)
 Metaspace       used 26408K, committed 26752K, reserved 1114112K
  class space    used 3256K, committed 3392K, reserved 1048576K
}
Event: 3.809 GC heap after
{Heap after GC invocations=7 (full 0):
 garbage-first heap   total reserved 989184K, committed 45056K, used 15276K [0x00000000c3a00000, 0x0000000100000000)
  region size 1024K, 2 young (2048K), 2 survivors (2048K)
 Metaspace       used 26408K, committed 26752K, reserved 1114112K
  class space    used 3256K, committed 3392K, reserved 1048576K
}
Event: 4.439 GC heap before
{Heap before GC invocations=7 (full 0):
 garbage-first heap   total reserved 989184K, committed 45056K, used 36780K [0x00000000c3a00000, 0x0000000100000000)
  region size 1024K, 23 young (23552K), 2 survivors (2048K)
 Metaspace       used 30362K, committed 30912K, reserved 1114112K
  class space    used 3861K, committed 4096K, reserved 1048576K
}
Event: 4.447 GC heap after
{Heap after GC invocations=8 (full 0):
 garbage-first heap   total reserved 989184K, committed 45056K, used 17640K [0x00000000c3a00000, 0x0000000100000000)
  region size 1024K, 3 young (3072K), 3 survivors (3072K)
 Metaspace       used 30362K, committed 30912K, reserved 1114112K
  class space    used 3861K, committed 4096K, reserved 1048576K
}
Event: 4.866 GC heap before
{Heap before GC invocations=8 (full 0):
 garbage-first heap   total reserved 989184K, committed 45056K, used 36072K [0x00000000c3a00000, 0x0000000100000000)
  region size 1024K, 22 young (22528K), 3 survivors (3072K)
 Metaspace       used 32992K, committed 33536K, reserved 1114112K
  class space    used 4202K, committed 4416K, reserved 1048576K
}
Event: 4.870 GC heap after
{Heap after GC invocations=9 (full 0):
 garbage-first heap   total reserved 989184K, committed 54272K, used 19080K [0x00000000c3a00000, 0x0000000100000000)
  region size 1024K, 2 young (2048K), 2 survivors (2048K)
 Metaspace       used 32992K, committed 33536K, reserved 1114112K
  class space    used 4202K, committed 4416K, reserved 1048576K
}
Event: 5.172 GC heap before
{Heap before GC invocations=9 (full 0):
 garbage-first heap   total reserved 989184K, committed 54272K, used 27272K [0x00000000c3a00000, 0x0000000100000000)
  region size 1024K, 11 young (11264K), 2 survivors (2048K)
 Metaspace       used 35455K, committed 35968K, reserved 1114112K
  class space    used 4532K, committed 4736K, reserved 1048576K
}
Event: 5.175 GC heap after
{Heap after GC invocations=10 (full 0):
 garbage-first heap   total reserved 989184K, committed 54272K, used 19382K [0x00000000c3a00000, 0x0000000100000000)
  region size 1024K, 2 young (2048K), 2 survivors (2048K)
 Metaspace       used 35455K, committed 35968K, reserved 1114112K
  class space    used 4532K, committed 4736K, reserved 1048576K
}
Event: 6.334 GC heap before
{Heap before GC invocations=11 (full 0):
 garbage-first heap   total reserved 989184K, committed 54272K, used 46006K [0x00000000c3a00000, 0x0000000100000000)
  region size 1024K, 28 young (28672K), 2 survivors (2048K)
 Metaspace       used 46220K, committed 46784K, reserved 1114112K
  class space    used 5993K, committed 6208K, reserved 1048576K
}
Event: 6.339 GC heap after
{Heap after GC invocations=12 (full 0):
 garbage-first heap   total reserved 989184K, committed 54272K, used 21841K [0x00000000c3a00000, 0x0000000100000000)
  region size 1024K, 4 young (4096K), 4 survivors (4096K)
 Metaspace       used 46220K, committed 46784K, reserved 1114112K
  class space    used 5993K, committed 6208K, reserved 1048576K
}
Event: 7.064 GC heap before
{Heap before GC invocations=12 (full 0):
 garbage-first heap   total reserved 989184K, committed 54272K, used 44369K [0x00000000c3a00000, 0x0000000100000000)
  region size 1024K, 27 young (27648K), 4 survivors (4096K)
 Metaspace       used 52517K, committed 53056K, reserved 1114112K
  class space    used 6778K, committed 6976K, reserved 1048576K
}
Event: 7.070 GC heap after
{Heap after GC invocations=13 (full 0):
 garbage-first heap   total reserved 989184K, committed 54272K, used 23558K [0x00000000c3a00000, 0x0000000100000000)
  region size 1024K, 2 young (2048K), 2 survivors (2048K)
 Metaspace       used 52517K, committed 53056K, reserved 1114112K
  class space    used 6778K, committed 6976K, reserved 1048576K
}
Event: 7.622 GC heap before
{Heap before GC invocations=13 (full 0):
 garbage-first heap   total reserved 989184K, committed 54272K, used 46086K [0x00000000c3a00000, 0x0000000100000000)
  region size 1024K, 25 young (25600K), 2 survivors (2048K)
 Metaspace       used 59598K, committed 60224K, reserved 1114112K
  class space    used 8017K, committed 8320K, reserved 1048576K
}
Event: 7.626 GC heap after
{Heap after GC invocations=14 (full 0):
 garbage-first heap   total reserved 989184K, committed 54272K, used 24533K [0x00000000c3a00000, 0x0000000100000000)
  region size 1024K, 3 young (3072K), 3 survivors (3072K)
 Metaspace       used 59598K, committed 60224K, reserved 1114112K
  class space    used 8017K, committed 8320K, reserved 1048576K
}
Event: 7.662 GC heap before
{Heap before GC invocations=14 (full 0):
 garbage-first heap   total reserved 989184K, committed 54272K, used 25557K [0x00000000c3a00000, 0x0000000100000000)
  region size 1024K, 5 young (5120K), 3 survivors (3072K)
 Metaspace       used 60143K, committed 60736K, reserved 1114112K
  class space    used 8111K, committed 8384K, reserved 1048576K
}
Event: 7.665 GC heap after
{Heap after GC invocations=15 (full 0):
 garbage-first heap   total reserved 989184K, committed 54272K, used 24574K [0x00000000c3a00000, 0x0000000100000000)
  region size 1024K, 2 young (2048K), 2 survivors (2048K)
 Metaspace       used 60143K, committed 60736K, reserved 1114112K
  class space    used 8111K, committed 8384K, reserved 1048576K
}
Event: 8.357 GC heap before
{Heap before GC invocations=16 (full 0):
 garbage-first heap   total reserved 989184K, committed 54272K, used 47102K [0x00000000c3a00000, 0x0000000100000000)
  region size 1024K, 24 young (24576K), 2 survivors (2048K)
 Metaspace       used 63888K, committed 64576K, reserved 1114112K
  class space    used 8647K, committed 8960K, reserved 1048576K
}
Event: 8.364 GC heap after
{Heap after GC invocations=17 (full 0):
 garbage-first heap   total reserved 989184K, committed 54272K, used 26980K [0x00000000c3a00000, 0x0000000100000000)
  region size 1024K, 3 young (3072K), 3 survivors (3072K)
 Metaspace       used 63888K, committed 64576K, reserved 1114112K
  class space    used 8647K, committed 8960K, reserved 1048576K
}
Event: 8.816 GC heap before
{Heap before GC invocations=17 (full 0):
 garbage-first heap   total reserved 989184K, committed 54272K, used 46436K [0x00000000c3a00000, 0x0000000100000000)
  region size 1024K, 22 young (22528K), 3 survivors (3072K)
 Metaspace       used 66092K, committed 66816K, reserved 1114112K
  class space    used 8964K, committed 9280K, reserved 1048576K
}
Event: 8.823 GC heap after
{Heap after GC invocations=18 (full 0):
 garbage-first heap   total reserved 989184K, committed 54272K, used 29402K [0x00000000c3a00000, 0x0000000100000000)
  region size 1024K, 3 young (3072K), 3 survivors (3072K)
 Metaspace       used 66092K, committed 66816K, reserved 1114112K
  class space    used 8964K, committed 9280K, reserved 1048576K
}

