# JRE version: OpenJDK Runtime Environment Temurin-17.0.13+11 (17.0.13+11) (build 17.0.13+11)
# Java VM: OpenJDK 64-Bit Server VM Temurin-17.0.13+11 (17.0.13+11, mixed mode, tiered, compressed oops, compressed class ptrs, parallel gc, windows-amd64)
GC Precious Log:
 CPUs: 4 total, 4 available
 Memory: 3863M
 Large Page Support: Disabled
 NUMA Support: Disabled
 Compressed Oops: Enabled (32-bit)
 Alignments: Space 512K, Generation 512K, Heap 2M
 Heap Min Capacity: 100M
 Heap Initial Capacity: 100M
 Heap Max Capacity: 1G
 Pre-touch: Disabled
 Parallel Workers: 4
Heap:
 PSYoungGen      total 10240K, used 2120K [0x00000000eab00000, 0x00000000ebc80000, 0x0000000100000000)
  eden space 8704K, 6% used [0x00000000eab00000,0x00000000eab95ab0,0x00000000eb380000)
  from space 1536K, 99% used [0x00000000ebb00000,0x00000000ebc7d310,0x00000000ebc80000)
  to   space 2560K, 0% used [0x00000000eb880000,0x00000000eb880000,0x00000000ebb00000)
 ParOldGen       total 699392K, used 212411K [0x00000000c0000000, 0x00000000eab00000, 0x00000000eab00000)
  object space 699392K, 30% used [0x00000000c0000000,0x00000000ccf6ef50,0x00000000eab00000)
 Metaspace       used 75422K, committed 76800K, reserved 1179648K
  class space    used 7849K, committed 8448K, reserved 1048576K
GC Heap History (20 events):
Event: 192.303 GC heap before
{Heap before GC invocations=1294 (full 1101):
 PSYoungGen      total 16896K, used 12288K [0x00000000eab00000, 0x00000000ec680000, 0x0000000100000000)
  eden space 12288K, 100% used [0x00000000eab00000,0x00000000eb700000,0x00000000eb700000)
  from space 4608K, 0% used [0x00000000eb700000,0x00000000eb700000,0x00000000ebb80000)
  to   space 6656K, 0% used [0x00000000ec000000,0x00000000ec000000,0x00000000ec680000)
 ParOldGen       total 195584K, used 195301K [0x00000000c0000000, 0x00000000cbf00000, 0x00000000eab00000)
  object space 195584K, 99% used [0x00000000c0000000,0x00000000cbeb97e8,0x00000000cbf00000)
 Metaspace       used 75279K, committed 76672K, reserved 1179648K
  class space    used 7840K, committed 8448K, reserved 1048576K
}
Event: 192.761 GC heap after
{Heap after GC invocations=1294 (full 1101):
 PSYoungGen      total 18944K, used 12288K [0x00000000eab00000, 0x00000000ec680000, 0x0000000100000000)
  eden space 12288K, 100% used [0x00000000eab00000,0x00000000eb700000,0x00000000eb700000)
  from space 6656K, 0% used [0x00000000ec000000,0x00000000ec000000,0x00000000ec680000)
  to   space 4608K, 0% used [0x00000000eb700000,0x00000000eb700000,0x00000000ebb80000)
 ParOldGen       total 195584K, used 195300K [0x00000000c0000000, 0x00000000cbf00000, 0x00000000eab00000)
  object space 195584K, 99% used [0x00000000c0000000,0x00000000cbeb9098,0x00000000cbf00000)
 Metaspace       used 75279K, committed 76672K, reserved 1179648K
  class space    used 7840K, committed 8448K, reserved 1048576K
}
Event: 192.762 GC heap before
{Heap before GC invocations=1295 (full 1102):
 PSYoungGen      total 18944K, used 12288K [0x00000000eab00000, 0x00000000ec680000, 0x0000000100000000)
  eden space 12288K, 100% used [0x00000000eab00000,0x00000000eb700000,0x00000000eb700000)
  from space 6656K, 0% used [0x00000000ec000000,0x00000000ec000000,0x00000000ec680000)
  to   space 4608K, 0% used [0x00000000eb700000,0x00000000eb700000,0x00000000ebb80000)
 ParOldGen       total 195584K, used 195302K [0x00000000c0000000, 0x00000000cbf00000, 0x00000000eab00000)
  object space 195584K, 99% used [0x00000000c0000000,0x00000000cbeb9b48,0x00000000cbf00000)
 Metaspace       used 75279K, committed 76672K, reserved 1179648K
  class space    used 7840K, committed 8448K, reserved 1048576K
}
Event: 193.141 GC heap after
{Heap after GC invocations=1295 (full 1102):
 PSYoungGen      total 16896K, used 12287K [0x00000000eab00000, 0x00000000ec680000, 0x0000000100000000)
  eden space 12288K, 99% used [0x00000000eab00000,0x00000000eb6fff50,0x00000000eb700000)
  from space 4608K, 0% used [0x00000000eb700000,0x00000000eb700000,0x00000000ebb80000)
  to   space 6656K, 0% used [0x00000000ec000000,0x00000000ec000000,0x00000000ec680000)
 ParOldGen       total 195584K, used 195300K [0x00000000c0000000, 0x00000000cbf00000, 0x00000000eab00000)
  object space 195584K, 99% used [0x00000000c0000000,0x00000000cbeb90d8,0x00000000cbf00000)
 Metaspace       used 75279K, committed 76672K, reserved 1179648K
  class space    used 7840K, committed 8448K, reserved 1048576K
}
Event: 193.141 GC heap before
{Heap before GC invocations=1296 (full 1103):
 PSYoungGen      total 16896K, used 12287K [0x00000000eab00000, 0x00000000ec680000, 0x0000000100000000)
  eden space 12288K, 99% used [0x00000000eab00000,0x00000000eb6ffff8,0x00000000eb700000)
  from space 4608K, 0% used [0x00000000eb700000,0x00000000eb700000,0x00000000ebb80000)
  to   space 6656K, 0% used [0x00000000ec000000,0x00000000ec000000,0x00000000ec680000)
 ParOldGen       total 195584K, used 195300K [0x00000000c0000000, 0x00000000cbf00000, 0x00000000eab00000)
  object space 195584K, 99% used [0x00000000c0000000,0x00000000cbeb90d8,0x00000000cbf00000)
 Metaspace       used 75279K, committed 76672K, reserved 1179648K
  class space    used 7840K, committed 8448K, reserved 1048576K
}
Event: 193.421 GC heap after
{Heap after GC invocations=1296 (full 1103):
 PSYoungGen      total 18944K, used 12287K [0x00000000eab00000, 0x00000000ec680000, 0x0000000100000000)
  eden space 12288K, 99% used [0x00000000eab00000,0x00000000eb6fffa0,0x00000000eb700000)
  from space 6656K, 0% used [0x00000000ec000000,0x00000000ec000000,0x00000000ec680000)
  to   space 4608K, 0% used [0x00000000eb700000,0x00000000eb700000,0x00000000ebb80000)
 ParOldGen       total 195584K, used 195300K [0x00000000c0000000, 0x00000000cbf00000, 0x00000000eab00000)
  object space 195584K, 99% used [0x00000000c0000000,0x00000000cbeb9068,0x00000000cbf00000)
 Metaspace       used 75279K, committed 76672K, reserved 1179648K
  class space    used 7840K, committed 8448K, reserved 1048576K
}
Event: 193.421 GC heap before
{Heap before GC invocations=1297 (full 1104):
 PSYoungGen      total 18944K, used 12287K [0x00000000eab00000, 0x00000000ec680000, 0x0000000100000000)
  eden space 12288K, 99% used [0x00000000eab00000,0x00000000eb6ffff8,0x00000000eb700000)
  from space 6656K, 0% used [0x00000000ec000000,0x00000000ec000000,0x00000000ec680000)
  to   space 4608K, 0% used [0x00000000eb700000,0x00000000eb700000,0x00000000ebb80000)
 ParOldGen       total 195584K, used 195300K [0x00000000c0000000, 0x00000000cbf00000, 0x00000000eab00000)
  object space 195584K, 99% used [0x00000000c0000000,0x00000000cbeb9068,0x00000000cbf00000)
 Metaspace       used 75279K, committed 76672K, reserved 1179648K
  class space    used 7840K, committed 8448K, reserved 1048576K
}
Event: 193.707 GC heap after
{Heap after GC invocations=1297 (full 1104):
 PSYoungGen      total 16896K, used 12287K [0x00000000eab00000, 0x00000000ec680000, 0x0000000100000000)
  eden space 12288K, 99% used [0x00000000eab00000,0x00000000eb6fffa8,0x00000000eb700000)
  from space 4608K, 0% used [0x00000000eb700000,0x00000000eb700000,0x00000000ebb80000)
  to   space 6656K, 0% used [0x00000000ec000000,0x00000000ec000000,0x00000000ec680000)
 ParOldGen       total 195584K, used 195300K [0x00000000c0000000, 0x00000000cbf00000, 0x00000000eab00000)
  object space 195584K, 99% used [0x00000000c0000000,0x00000000cbeb9068,0x00000000cbf00000)
 Metaspace       used 75279K, committed 76672K, reserved 1179648K
  class space    used 7840K, committed 8448K, reserved 1048576K
}
Event: 193.707 GC heap before
{Heap before GC invocations=1298 (full 1105):
 PSYoungGen      total 16896K, used 12287K [0x00000000eab00000, 0x00000000ec680000, 0x0000000100000000)
  eden space 12288K, 99% used [0x00000000eab00000,0x00000000eb6ffff8,0x00000000eb700000)
  from space 4608K, 0% used [0x00000000eb700000,0x00000000eb700000,0x00000000ebb80000)
  to   space 6656K, 0% used [0x00000000ec000000,0x00000000ec000000,0x00000000ec680000)
 ParOldGen       total 195584K, used 195300K [0x00000000c0000000, 0x00000000cbf00000, 0x00000000eab00000)
  object space 195584K, 99% used [0x00000000c0000000,0x00000000cbeb9068,0x00000000cbf00000)
 Metaspace       used 75279K, committed 76672K, reserved 1179648K
  class space    used 7840K, committed 8448K, reserved 1048576K
}
Event: 193.998 GC heap after
{Heap after GC invocations=1298 (full 1105):
 PSYoungGen      total 18944K, used 12287K [0x00000000eab00000, 0x00000000ec680000, 0x0000000100000000)
  eden space 12288K, 99% used [0x00000000eab00000,0x00000000eb6fff50,0x00000000eb700000)
  from space 6656K, 0% used [0x00000000ec000000,0x00000000ec000000,0x00000000ec680000)
  to   space 4608K, 0% used [0x00000000eb700000,0x00000000eb700000,0x00000000ebb80000)
 ParOldGen       total 195584K, used 195300K [0x00000000c0000000, 0x00000000cbf00000, 0x00000000eab00000)
  object space 195584K, 99% used [0x00000000c0000000,0x00000000cbeb9068,0x00000000cbf00000)
 Metaspace       used 75279K, committed 76672K, reserved 1179648K
  class space    used 7840K, committed 8448K, reserved 1048576K
}
Event: 193.998 GC heap before
{Heap before GC invocations=1299 (full 1106):
 PSYoungGen      total 18944K, used 12287K [0x00000000eab00000, 0x00000000ec680000, 0x0000000100000000)
  eden space 12288K, 99% used [0x00000000eab00000,0x00000000eb6ffff0,0x00000000eb700000)
  from space 6656K, 0% used [0x00000000ec000000,0x00000000ec000000,0x00000000ec680000)
  to   space 4608K, 0% used [0x00000000eb700000,0x00000000eb700000,0x00000000ebb80000)
 ParOldGen       total 195584K, used 195300K [0x00000000c0000000, 0x00000000cbf00000, 0x00000000eab00000)
  object space 195584K, 99% used [0x00000000c0000000,0x00000000cbeb9068,0x00000000cbf00000)
 Metaspace       used 75279K, committed 76672K, reserved 1179648K
  class space    used 7840K, committed 8448K, reserved 1048576K
}
Event: 194.285 GC heap after
{Heap after GC invocations=1299 (full 1106):
 PSYoungGen      total 16896K, used 12287K [0x00000000eab00000, 0x00000000ec680000, 0x0000000100000000)
  eden space 12288K, 99% used [0x00000000eab00000,0x00000000eb6fffb8,0x00000000eb700000)
  from space 4608K, 0% used [0x00000000eb700000,0x00000000eb700000,0x00000000ebb80000)
  to   space 6656K, 0% used [0x00000000ec000000,0x00000000ec000000,0x00000000ec680000)
 ParOldGen       total 699392K, used 195300K [0x00000000c0000000, 0x00000000eab00000, 0x00000000eab00000)
  object space 699392K, 27% used [0x00000000c0000000,0x00000000cbeb9068,0x00000000eab00000)
 Metaspace       used 75279K, committed 76672K, reserved 1179648K
  class space    used 7840K, committed 8448K, reserved 1048576K
}
Event: 194.285 GC heap before
{Heap before GC invocations=1300 (full 1106):
 PSYoungGen      total 16896K, used 12288K [0x00000000eab00000, 0x00000000ec680000, 0x0000000100000000)
  eden space 12288K, 100% used [0x00000000eab00000,0x00000000eb700000,0x00000000eb700000)
  from space 4608K, 0% used [0x00000000eb700000,0x00000000eb700000,0x00000000ebb80000)
  to   space 6656K, 0% used [0x00000000ec000000,0x00000000ec000000,0x00000000ec680000)
 ParOldGen       total 699392K, used 195300K [0x00000000c0000000, 0x00000000eab00000, 0x00000000eab00000)
  object space 699392K, 27% used [0x00000000c0000000,0x00000000cbeb9068,0x00000000eab00000)
 Metaspace       used 75279K, committed 76672K, reserved 1179648K
  class space    used 7840K, committed 8448K, reserved 1048576K
}
Event: 194.344 GC heap after
{Heap after GC invocations=1300 (full 1106):
 PSYoungGen      total 14336K, used 6642K [0x00000000eab00000, 0x00000000ed280000, 0x0000000100000000)
  eden space 7680K, 0% used [0x00000000eab00000,0x00000000eab00000,0x00000000eb280000)
  from space 6656K, 99% used [0x00000000ec000000,0x00000000ec67caa0,0x00000000ec680000)
  to   space 13824K, 0% used [0x00000000eb280000,0x00000000eb280000,0x00000000ec000000)
 ParOldGen       total 699392K, used 201314K [0x00000000c0000000, 0x00000000eab00000, 0x00000000eab00000)
  object space 699392K, 28% used [0x00000000c0000000,0x00000000cc498b30,0x00000000eab00000)
 Metaspace       used 75279K, committed 76672K, reserved 1179648K
  class space    used 7840K, committed 8448K, reserved 1048576K
}
Event: 194.473 GC heap before
{Heap before GC invocations=1301 (full 1106):
 PSYoungGen      total 14336K, used 14320K [0x00000000eab00000, 0x00000000ed280000, 0x0000000100000000)
  eden space 7680K, 99% used [0x00000000eab00000,0x00000000eb27f830,0x00000000eb280000)
  from space 6656K, 99% used [0x00000000ec000000,0x00000000ec67caa0,0x00000000ec680000)
  to   space 13824K, 0% used [0x00000000eb280000,0x00000000eb280000,0x00000000ec000000)
 ParOldGen       total 699392K, used 201314K [0x00000000c0000000, 0x00000000eab00000, 0x00000000eab00000)
  object space 699392K, 28% used [0x00000000c0000000,0x00000000cc498b30,0x00000000eab00000)
 Metaspace       used 75281K, committed 76672K, reserved 1179648K
  class space    used 7840K, committed 8448K, reserved 1048576K
}
Event: 194.494 GC heap after
{Heap after GC invocations=1301 (full 1106):
 PSYoungGen      total 8704K, used 901K [0x00000000eab00000, 0x00000000ec080000, 0x0000000100000000)
  eden space 7680K, 0% used [0x00000000eab00000,0x00000000eab00000,0x00000000eb280000)
  from space 1024K, 88% used [0x00000000eb280000,0x00000000eb361540,0x00000000eb380000)
  to   space 5632K, 0% used [0x00000000ebb00000,0x00000000ebb00000,0x00000000ec080000)
 ParOldGen       total 699392K, used 207950K [0x00000000c0000000, 0x00000000eab00000, 0x00000000eab00000)
  object space 699392K, 29% used [0x00000000c0000000,0x00000000ccb13ac0,0x00000000eab00000)
 Metaspace       used 75281K, committed 76672K, reserved 1179648K
  class space    used 7840K, committed 8448K, reserved 1048576K
}
Event: 194.836 GC heap before
{Heap before GC invocations=1302 (full 1106):
 PSYoungGen      total 8704K, used 8581K [0x00000000eab00000, 0x00000000ec080000, 0x0000000100000000)
  eden space 7680K, 100% used [0x00000000eab00000,0x00000000eb280000,0x00000000eb280000)
  from space 1024K, 88% used [0x00000000eb280000,0x00000000eb361540,0x00000000eb380000)
  to   space 5632K, 0% used [0x00000000ebb00000,0x00000000ebb00000,0x00000000ec080000)
 ParOldGen       total 699392K, used 207950K [0x00000000c0000000, 0x00000000eab00000, 0x00000000eab00000)
  object space 699392K, 29% used [0x00000000c0000000,0x00000000ccb13ac0,0x00000000eab00000)
 Metaspace       used 75410K, committed 76800K, reserved 1179648K
  class space    used 7847K, committed 8448K, reserved 1048576K
}
Event: 194.841 GC heap after
{Heap after GC invocations=1302 (full 1106):
 PSYoungGen      total 10752K, used 2173K [0x00000000eab00000, 0x00000000ebd80000, 0x0000000100000000)
  eden space 8192K, 0% used [0x00000000eab00000,0x00000000eab00000,0x00000000eb300000)
  from space 2560K, 84% used [0x00000000ebb00000,0x00000000ebd1f660,0x00000000ebd80000)
  to   space 2560K, 0% used [0x00000000eb880000,0x00000000eb880000,0x00000000ebb00000)
 ParOldGen       total 699392K, used 207950K [0x00000000c0000000, 0x00000000eab00000, 0x00000000eab00000)
  object space 699392K, 29% used [0x00000000c0000000,0x00000000ccb13ac0,0x00000000eab00000)
 Metaspace       used 75410K, committed 76800K, reserved 1179648K
  class space    used 7847K, committed 8448K, reserved 1048576K
}
Event: 195.118 GC heap before
{Heap before GC invocations=1303 (full 1106):
 PSYoungGen      total 10752K, used 10365K [0x00000000eab00000, 0x00000000ebd80000, 0x0000000100000000)
  eden space 8192K, 100% used [0x00000000eab00000,0x00000000eb300000,0x00000000eb300000)
  from space 2560K, 84% used [0x00000000ebb00000,0x00000000ebd1f660,0x00000000ebd80000)
  to   space 2560K, 0% used [0x00000000eb880000,0x00000000eb880000,0x00000000ebb00000)
 ParOldGen       total 699392K, used 207950K [0x00000000c0000000, 0x00000000eab00000, 0x00000000eab00000)
  object space 699392K, 29% used [0x00000000c0000000,0x00000000ccb13ac0,0x00000000eab00000)
 Metaspace       used 75421K, committed 76800K, reserved 1179648K
  class space    used 7849K, committed 8448K, reserved 1048576K
}
Event: 195.124 GC heap after
{Heap after GC invocations=1303 (full 1106):
 PSYoungGen      total 11264K, used 2537K [0x00000000eab00000, 0x00000000ebc80000, 0x0000000100000000)
  eden space 8704K, 0% used [0x00000000eab00000,0x00000000eab00000,0x00000000eb380000)
  from space 2560K, 99% used [0x00000000eb880000,0x00000000ebafa5a0,0x00000000ebb00000)
  to   space 1536K, 0% used [0x00000000ebb00000,0x00000000ebb00000,0x00000000ebc80000)
 ParOldGen       total 699392K, used 209305K [0x00000000c0000000, 0x00000000eab00000, 0x00000000eab00000)
  object space 699392K, 29% used [0x00000000c0000000,0x00000000ccc66530,0x00000000eab00000)
 Metaspace       used 75421K, committed 76800K, reserved 1179648K
  class space    used 7849K, committed 8448K, reserved 1048576K
}

