# JRE version: OpenJDK Runtime Environment Temurin-17.0.13+11 (17.0.13+11) (build 17.0.13+11)
# Java VM: OpenJDK 64-Bit Server VM Temurin-17.0.13+11 (17.0.13+11, mixed mode, tiered, compressed oops, compressed class ptrs, parallel gc, windows-amd64)
GC Precious Log:
 CPUs: 4 total, 4 available
 Memory: 3863M
 Large Page Support: Disabled
 NUMA Support: Disabled
 Compressed Oops: Enabled (32-bit)
 Alignments: Space 512K, Generation 512K, Heap 2M
 Heap Min Capacity: 100M
 Heap Initial Capacity: 100M
 Heap Max Capacity: 1G
 Pre-touch: Disabled
 Parallel Workers: 4
Heap:
 PSYoungGen      total 26624K, used 21593K [0x00000000eab00000, 0x00000000ee200000, 0x0000000100000000)
  eden space 12288K, 59% used [0x00000000eab00000,0x00000000eb2178d8,0x00000000eb700000)
  from space 14336K, 99% used [0x00000000eca00000,0x00000000ed7fee28,0x00000000ed800000)
  to   space 19456K, 0% used [0x00000000eb700000,0x00000000eb700000,0x00000000eca00000)
 ParOldGen       total 311296K, used 311152K [0x00000000c0000000, 0x00000000d3000000, 0x00000000eab00000)
  object space 311296K, 99% used [0x00000000c0000000,0x00000000d2fdc058,0x00000000d3000000)
 Metaspace       used 86055K, committed 87552K, reserved 1179648K
  class space    used 9201K, committed 9920K, reserved 1048576K
GC Heap History (20 events):
Event: 52.657 GC heap before
{Heap before GC invocations=414 (full 17):
 PSYoungGen      total 28672K, used 28646K [0x00000000eab00000, 0x00000000edf00000, 0x0000000100000000)
  eden space 19456K, 100% used [0x00000000eab00000,0x00000000ebe00000,0x00000000ebe00000)
  from space 9216K, 99% used [0x00000000ecc00000,0x00000000ed4f9958,0x00000000ed500000)
  to   space 14336K, 0% used [0x00000000ebe00000,0x00000000ebe00000,0x00000000ecc00000)
 ParOldGen       total 308224K, used 302988K [0x00000000c0000000, 0x00000000d2d00000, 0x00000000eab00000)
  object space 308224K, 98% used [0x00000000c0000000,0x00000000d27e3330,0x00000000d2d00000)
 Metaspace       used 78163K, committed 79616K, reserved 1179648K
  class space    used 8178K, committed 8832K, reserved 1048576K
}
Event: 52.666 GC heap after
{Heap after GC invocations=414 (full 17):
 PSYoungGen      total 33792K, used 14311K [0x00000000eab00000, 0x00000000ede80000, 0x0000000100000000)
  eden space 19456K, 0% used [0x00000000eab00000,0x00000000eab00000,0x00000000ebe00000)
  from space 14336K, 99% used [0x00000000ebe00000,0x00000000ecbf9d50,0x00000000ecc00000)
  to   space 15872K, 0% used [0x00000000ecf00000,0x00000000ecf00000,0x00000000ede80000)
 ParOldGen       total 308224K, used 303614K [0x00000000c0000000, 0x00000000d2d00000, 0x00000000eab00000)
  object space 308224K, 98% used [0x00000000c0000000,0x00000000d287fb78,0x00000000d2d00000)
 Metaspace       used 78163K, committed 79616K, reserved 1179648K
  class space    used 8178K, committed 8832K, reserved 1048576K
}
Event: 52.748 GC heap before
{Heap before GC invocations=415 (full 17):
 PSYoungGen      total 33792K, used 33749K [0x00000000eab00000, 0x00000000ede80000, 0x0000000100000000)
  eden space 19456K, 99% used [0x00000000eab00000,0x00000000ebdfb7b0,0x00000000ebe00000)
  from space 14336K, 99% used [0x00000000ebe00000,0x00000000ecbf9d50,0x00000000ecc00000)
  to   space 15872K, 0% used [0x00000000ecf00000,0x00000000ecf00000,0x00000000ede80000)
 ParOldGen       total 308224K, used 303614K [0x00000000c0000000, 0x00000000d2d00000, 0x00000000eab00000)
  object space 308224K, 98% used [0x00000000c0000000,0x00000000d287fb78,0x00000000d2d00000)
 Metaspace       used 78537K, committed 79936K, reserved 1179648K
  class space    used 8209K, committed 8832K, reserved 1048576K
}
Event: 52.759 GC heap after
{Heap after GC invocations=415 (full 17):
 PSYoungGen      total 34304K, used 15867K [0x00000000eab00000, 0x00000000ee400000, 0x0000000100000000)
  eden space 18432K, 0% used [0x00000000eab00000,0x00000000eab00000,0x00000000ebd00000)
  from space 15872K, 99% used [0x00000000ecf00000,0x00000000ede7ee88,0x00000000ede80000)
  to   space 18432K, 0% used [0x00000000ebd00000,0x00000000ebd00000,0x00000000ecf00000)
 ParOldGen       total 308224K, used 305162K [0x00000000c0000000, 0x00000000d2d00000, 0x00000000eab00000)
  object space 308224K, 99% used [0x00000000c0000000,0x00000000d2a029c0,0x00000000d2d00000)
 Metaspace       used 78537K, committed 79936K, reserved 1179648K
  class space    used 8209K, committed 8832K, reserved 1048576K
}
Event: 107.837 GC heap before
{Heap before GC invocations=416 (full 17):
 PSYoungGen      total 34304K, used 34299K [0x00000000eab00000, 0x00000000ee400000, 0x0000000100000000)
  eden space 18432K, 100% used [0x00000000eab00000,0x00000000ebd00000,0x00000000ebd00000)
  from space 15872K, 99% used [0x00000000ecf00000,0x00000000ede7ee88,0x00000000ede80000)
  to   space 18432K, 0% used [0x00000000ebd00000,0x00000000ebd00000,0x00000000ecf00000)
 ParOldGen       total 308224K, used 305162K [0x00000000c0000000, 0x00000000d2d00000, 0x00000000eab00000)
  object space 308224K, 99% used [0x00000000c0000000,0x00000000d2a029c0,0x00000000d2d00000)
 Metaspace       used 78923K, committed 80320K, reserved 1179648K
  class space    used 8269K, committed 8896K, reserved 1048576K
}
Event: 107.848 GC heap after
{Heap after GC invocations=416 (full 17):
 PSYoungGen      total 32256K, used 13426K [0x00000000eab00000, 0x00000000edb00000, 0x0000000100000000)
  eden space 18432K, 0% used [0x00000000eab00000,0x00000000eab00000,0x00000000ebd00000)
  from space 13824K, 97% used [0x00000000ebd00000,0x00000000eca1c9a8,0x00000000eca80000)
  to   space 15360K, 0% used [0x00000000ecc00000,0x00000000ecc00000,0x00000000edb00000)
 ParOldGen       total 308224K, used 305474K [0x00000000c0000000, 0x00000000d2d00000, 0x00000000eab00000)
  object space 308224K, 99% used [0x00000000c0000000,0x00000000d2a509c0,0x00000000d2d00000)
 Metaspace       used 78923K, committed 80320K, reserved 1179648K
  class space    used 8269K, committed 8896K, reserved 1048576K
}
Event: 108.336 GC heap before
{Heap before GC invocations=417 (full 17):
 PSYoungGen      total 32256K, used 31858K [0x00000000eab00000, 0x00000000edb00000, 0x0000000100000000)
  eden space 18432K, 100% used [0x00000000eab00000,0x00000000ebd00000,0x00000000ebd00000)
  from space 13824K, 97% used [0x00000000ebd00000,0x00000000eca1c9a8,0x00000000eca80000)
  to   space 15360K, 0% used [0x00000000ecc00000,0x00000000ecc00000,0x00000000edb00000)
 ParOldGen       total 308224K, used 305474K [0x00000000c0000000, 0x00000000d2d00000, 0x00000000eab00000)
  object space 308224K, 99% used [0x00000000c0000000,0x00000000d2a509c0,0x00000000d2d00000)
 Metaspace       used 80808K, committed 82240K, reserved 1179648K
  class space    used 8534K, committed 9216K, reserved 1048576K
}
Event: 108.345 GC heap after
{Heap after GC invocations=417 (full 17):
 PSYoungGen      total 32256K, used 13675K [0x00000000eab00000, 0x00000000ed980000, 0x0000000100000000)
  eden space 18432K, 0% used [0x00000000eab00000,0x00000000eab00000,0x00000000ebd00000)
  from space 13824K, 98% used [0x00000000ecc00000,0x00000000ed95af40,0x00000000ed980000)
  to   space 14336K, 0% used [0x00000000ebd80000,0x00000000ebd80000,0x00000000ecb80000)
 ParOldGen       total 308224K, used 305474K [0x00000000c0000000, 0x00000000d2d00000, 0x00000000eab00000)
  object space 308224K, 99% used [0x00000000c0000000,0x00000000d2a509c0,0x00000000d2d00000)
 Metaspace       used 80808K, committed 82240K, reserved 1179648K
  class space    used 8534K, committed 9216K, reserved 1048576K
}
Event: 190.630 GC heap before
{Heap before GC invocations=418 (full 17):
 PSYoungGen      total 32256K, used 32107K [0x00000000eab00000, 0x00000000ed980000, 0x0000000100000000)
  eden space 18432K, 100% used [0x00000000eab00000,0x00000000ebd00000,0x00000000ebd00000)
  from space 13824K, 98% used [0x00000000ecc00000,0x00000000ed95af40,0x00000000ed980000)
  to   space 14336K, 0% used [0x00000000ebd80000,0x00000000ebd80000,0x00000000ecb80000)
 ParOldGen       total 308224K, used 305474K [0x00000000c0000000, 0x00000000d2d00000, 0x00000000eab00000)
  object space 308224K, 99% used [0x00000000c0000000,0x00000000d2a509c0,0x00000000d2d00000)
 Metaspace       used 81855K, committed 83328K, reserved 1179648K
  class space    used 8683K, committed 9344K, reserved 1048576K
}
Event: 190.961 GC heap after
{Heap after GC invocations=418 (full 17):
 PSYoungGen      total 32768K, used 13870K [0x00000000eab00000, 0x00000000ed900000, 0x0000000100000000)
  eden space 18432K, 0% used [0x00000000eab00000,0x00000000eab00000,0x00000000ebd00000)
  from space 14336K, 96% used [0x00000000ebd80000,0x00000000ecb0b880,0x00000000ecb80000)
  to   space 13824K, 0% used [0x00000000ecb80000,0x00000000ecb80000,0x00000000ed900000)
 ParOldGen       total 308224K, used 305482K [0x00000000c0000000, 0x00000000d2d00000, 0x00000000eab00000)
  object space 308224K, 99% used [0x00000000c0000000,0x00000000d2a529c0,0x00000000d2d00000)
 Metaspace       used 81855K, committed 83328K, reserved 1179648K
  class space    used 8683K, committed 9344K, reserved 1048576K
}
Event: 213.268 GC heap before
{Heap before GC invocations=419 (full 17):
 PSYoungGen      total 32768K, used 32302K [0x00000000eab00000, 0x00000000ed900000, 0x0000000100000000)
  eden space 18432K, 100% used [0x00000000eab00000,0x00000000ebd00000,0x00000000ebd00000)
  from space 14336K, 96% used [0x00000000ebd80000,0x00000000ecb0b880,0x00000000ecb80000)
  to   space 13824K, 0% used [0x00000000ecb80000,0x00000000ecb80000,0x00000000ed900000)
 ParOldGen       total 308224K, used 305482K [0x00000000c0000000, 0x00000000d2d00000, 0x00000000eab00000)
  object space 308224K, 99% used [0x00000000c0000000,0x00000000d2a529c0,0x00000000d2d00000)
 Metaspace       used 83633K, committed 85056K, reserved 1179648K
  class space    used 8908K, committed 9536K, reserved 1048576K
}
Event: 213.282 GC heap after
{Heap after GC invocations=419 (full 17):
 PSYoungGen      total 31744K, used 13810K [0x00000000eab00000, 0x00000000edb00000, 0x0000000100000000)
  eden space 17920K, 0% used [0x00000000eab00000,0x00000000eab00000,0x00000000ebc80000)
  from space 13824K, 99% used [0x00000000ecb80000,0x00000000ed8fc828,0x00000000ed900000)
  to   space 15360K, 0% used [0x00000000ebc80000,0x00000000ebc80000,0x00000000ecb80000)
 ParOldGen       total 308224K, used 306549K [0x00000000c0000000, 0x00000000d2d00000, 0x00000000eab00000)
  object space 308224K, 99% used [0x00000000c0000000,0x00000000d2b5d600,0x00000000d2d00000)
 Metaspace       used 83633K, committed 85056K, reserved 1179648K
  class space    used 8908K, committed 9536K, reserved 1048576K
}
Event: 213.729 GC heap before
{Heap before GC invocations=420 (full 17):
 PSYoungGen      total 31744K, used 31730K [0x00000000eab00000, 0x00000000edb00000, 0x0000000100000000)
  eden space 17920K, 100% used [0x00000000eab00000,0x00000000ebc80000,0x00000000ebc80000)
  from space 13824K, 99% used [0x00000000ecb80000,0x00000000ed8fc828,0x00000000ed900000)
  to   space 15360K, 0% used [0x00000000ebc80000,0x00000000ebc80000,0x00000000ecb80000)
 ParOldGen       total 308224K, used 306549K [0x00000000c0000000, 0x00000000d2d00000, 0x00000000eab00000)
  object space 308224K, 99% used [0x00000000c0000000,0x00000000d2b5d600,0x00000000d2d00000)
 Metaspace       used 85531K, committed 87040K, reserved 1179648K
  class space    used 9149K, committed 9856K, reserved 1048576K
}
Event: 213.744 GC heap after
{Heap after GC invocations=420 (full 17):
 PSYoungGen      total 32256K, used 14002K [0x00000000eab00000, 0x00000000ed880000, 0x0000000100000000)
  eden space 17920K, 0% used [0x00000000eab00000,0x00000000eab00000,0x00000000ebc80000)
  from space 14336K, 97% used [0x00000000ebc80000,0x00000000eca2c8b0,0x00000000eca80000)
  to   space 14336K, 0% used [0x00000000eca80000,0x00000000eca80000,0x00000000ed880000)
 ParOldGen       total 308224K, used 306629K [0x00000000c0000000, 0x00000000d2d00000, 0x00000000eab00000)
  object space 308224K, 99% used [0x00000000c0000000,0x00000000d2b71600,0x00000000d2d00000)
 Metaspace       used 85531K, committed 87040K, reserved 1179648K
  class space    used 9149K, committed 9856K, reserved 1048576K
}
Event: 218.010 GC heap before
{Heap before GC invocations=421 (full 17):
 PSYoungGen      total 32256K, used 31922K [0x00000000eab00000, 0x00000000ed880000, 0x0000000100000000)
  eden space 17920K, 100% used [0x00000000eab00000,0x00000000ebc80000,0x00000000ebc80000)
  from space 14336K, 97% used [0x00000000ebc80000,0x00000000eca2c8b0,0x00000000eca80000)
  to   space 14336K, 0% used [0x00000000eca80000,0x00000000eca80000,0x00000000ed880000)
 ParOldGen       total 308224K, used 306629K [0x00000000c0000000, 0x00000000d2d00000, 0x00000000eab00000)
  object space 308224K, 99% used [0x00000000c0000000,0x00000000d2b71600,0x00000000d2d00000)
 Metaspace       used 85651K, committed 87104K, reserved 1179648K
  class space    used 9162K, committed 9856K, reserved 1048576K
}
Event: 218.019 GC heap after
{Heap after GC invocations=421 (full 17):
 PSYoungGen      total 31744K, used 14314K [0x00000000eab00000, 0x00000000ed980000, 0x0000000100000000)
  eden space 17408K, 0% used [0x00000000eab00000,0x00000000eab00000,0x00000000ebc00000)
  from space 14336K, 99% used [0x00000000eca80000,0x00000000ed87a870,0x00000000ed880000)
  to   space 14848K, 0% used [0x00000000ebc00000,0x00000000ebc00000,0x00000000eca80000)
 ParOldGen       total 308224K, used 306661K [0x00000000c0000000, 0x00000000d2d00000, 0x00000000eab00000)
  object space 308224K, 99% used [0x00000000c0000000,0x00000000d2b79600,0x00000000d2d00000)
 Metaspace       used 85651K, committed 87104K, reserved 1179648K
  class space    used 9162K, committed 9856K, reserved 1048576K
}
Event: 218.564 GC heap before
{Heap before GC invocations=422 (full 17):
 PSYoungGen      total 31744K, used 31722K [0x00000000eab00000, 0x00000000ed980000, 0x0000000100000000)
  eden space 17408K, 100% used [0x00000000eab00000,0x00000000ebc00000,0x00000000ebc00000)
  from space 14336K, 99% used [0x00000000eca80000,0x00000000ed87a870,0x00000000ed880000)
  to   space 14848K, 0% used [0x00000000ebc00000,0x00000000ebc00000,0x00000000eca80000)
 ParOldGen       total 308224K, used 306661K [0x00000000c0000000, 0x00000000d2d00000, 0x00000000eab00000)
  object space 308224K, 99% used [0x00000000c0000000,0x00000000d2b79600,0x00000000d2d00000)
 Metaspace       used 85719K, committed 87232K, reserved 1179648K
  class space    used 9162K, committed 9856K, reserved 1048576K
}
Event: 218.575 GC heap after
{Heap after GC invocations=422 (full 17):
 PSYoungGen      total 31744K, used 14020K [0x00000000eab00000, 0x00000000ed800000, 0x0000000100000000)
  eden space 17408K, 0% used [0x00000000eab00000,0x00000000eab00000,0x00000000ebc00000)
  from space 14336K, 97% used [0x00000000ebc00000,0x00000000ec9b1190,0x00000000eca00000)
  to   space 14336K, 0% used [0x00000000eca00000,0x00000000eca00000,0x00000000ed800000)
 ParOldGen       total 308224K, used 307029K [0x00000000c0000000, 0x00000000d2d00000, 0x00000000eab00000)
  object space 308224K, 99% used [0x00000000c0000000,0x00000000d2bd5600,0x00000000d2d00000)
 Metaspace       used 85719K, committed 87232K, reserved 1179648K
  class space    used 9162K, committed 9856K, reserved 1048576K
}
Event: 219.811 GC heap before
{Heap before GC invocations=423 (full 17):
 PSYoungGen      total 31744K, used 31307K [0x00000000eab00000, 0x00000000ed800000, 0x0000000100000000)
  eden space 17408K, 99% used [0x00000000eab00000,0x00000000ebbe1be0,0x00000000ebc00000)
  from space 14336K, 97% used [0x00000000ebc00000,0x00000000ec9b1190,0x00000000eca00000)
  to   space 14336K, 0% used [0x00000000eca00000,0x00000000eca00000,0x00000000ed800000)
 ParOldGen       total 308224K, used 307029K [0x00000000c0000000, 0x00000000d2d00000, 0x00000000eab00000)
  object space 308224K, 99% used [0x00000000c0000000,0x00000000d2bd5600,0x00000000d2d00000)
 Metaspace       used 86013K, committed 87552K, reserved 1179648K
  class space    used 9195K, committed 9920K, reserved 1048576K
}
Event: 219.836 GC heap after
{Heap after GC invocations=423 (full 17):
 PSYoungGen      total 26624K, used 14331K [0x00000000eab00000, 0x00000000ee200000, 0x0000000100000000)
  eden space 12288K, 0% used [0x00000000eab00000,0x00000000eab00000,0x00000000eb700000)
  from space 14336K, 99% used [0x00000000eca00000,0x00000000ed7fee28,0x00000000ed800000)
  to   space 19456K, 0% used [0x00000000eb700000,0x00000000eb700000,0x00000000eca00000)
 ParOldGen       total 311296K, used 311152K [0x00000000c0000000, 0x00000000d3000000, 0x00000000eab00000)
  object space 311296K, 99% used [0x00000000c0000000,0x00000000d2fdc058,0x00000000d3000000)
 Metaspace       used 86013K, committed 87552K, reserved 1179648K
  class space    used 9195K, committed 9920K, reserved 1048576K
}

