# JRE version: Java(TM) SE Runtime Environment (22.0.2+9) (build 22.0.2+9-70)
# Java VM: Java HotSpot(TM) 64-Bit Server VM (22.0.2+9-70, mixed mode, sharing, tiered, compressed oops, compressed class ptrs, g1 gc, windows-amd64)
GC Precious Log:
 CardTable entry size: 512
 Card Set container configuration: InlinePtr #cards 5 size 8 Array Of Cards #cards 12 size 40 Howl #buckets 4 coarsen threshold 1843 Howl Bitmap #cards 512 size 80 coarsen threshold 460 Card regions per heap region 1 cards per card region 2048
 CPUs: 4 total, 4 available
 Memory: 3863M
 Large Page Support: Disabled
 NUMA Support: Disabled
 Compressed Oops: Enabled (32-bit)
 Heap Region Size: 1M
 Heap Min Capacity: 8M
 Heap Initial Capacity: 62M
 Heap Max Capacity: 966M
 Pre-touch: Disabled
 Parallel Workers: 4
 Concurrent Workers: 1
 Concurrent Refinement Workers: 4
 Periodic GC: Disabled
Heap:
 garbage-first heap   total reserved 989184K, committed 67584K, used 54686K [0x00000000c3a00000, 0x0000000100000000)
  region size 1024K, 20 young (20480K), 2 survivors (2048K)
 Metaspace       used 84482K, committed 85248K, reserved 1179648K
  class space    used 11784K, committed 12096K, reserved 1048576K
GC Heap History (20 events):
Event: 6.996 GC heap before
{Heap before GC invocations=13 (full 0):
 garbage-first heap   total reserved 989184K, committed 45056K, used 36788K [0x00000000c3a00000, 0x0000000100000000)
  region size 1024K, 18 young (18432K), 3 survivors (3072K)
 Metaspace       used 51391K, committed 51968K, reserved 1114112K
  class space    used 6821K, committed 7104K, reserved 1048576K
}
Event: 7.001 GC heap after
{Heap after GC invocations=14 (full 0):
 garbage-first heap   total reserved 989184K, committed 54272K, used 24310K [0x00000000c3a00000, 0x0000000100000000)
  region size 1024K, 3 young (3072K), 3 survivors (3072K)
 Metaspace       used 51391K, committed 51968K, reserved 1114112K
  class space    used 6821K, committed 7104K, reserved 1048576K
}
Event: 7.843 GC heap before
{Heap before GC invocations=15 (full 0):
 garbage-first heap   total reserved 989184K, committed 54272K, used 45814K [0x00000000c3a00000, 0x0000000100000000)
  region size 1024K, 25 young (25600K), 3 survivors (3072K)
 Metaspace       used 56128K, committed 56768K, reserved 1114112K
  class space    used 7451K, committed 7744K, reserved 1048576K
}
Event: 7.849 GC heap after
{Heap after GC invocations=16 (full 0):
 garbage-first heap   total reserved 989184K, committed 54272K, used 26229K [0x00000000c3a00000, 0x0000000100000000)
  region size 1024K, 4 young (4096K), 4 survivors (4096K)
 Metaspace       used 56128K, committed 56768K, reserved 1114112K
  class space    used 7451K, committed 7744K, reserved 1048576K
}
Event: 8.426 GC heap before
{Heap before GC invocations=16 (full 0):
 garbage-first heap   total reserved 989184K, committed 54272K, used 44661K [0x00000000c3a00000, 0x0000000100000000)
  region size 1024K, 22 young (22528K), 4 survivors (4096K)
 Metaspace       used 62248K, committed 62848K, reserved 1114112K
  class space    used 8464K, committed 8768K, reserved 1048576K
}
Event: 8.432 GC heap after
{Heap after GC invocations=17 (full 0):
 garbage-first heap   total reserved 989184K, committed 54272K, used 26432K [0x00000000c3a00000, 0x0000000100000000)
  region size 1024K, 1 young (1024K), 1 survivors (1024K)
 Metaspace       used 62248K, committed 62848K, reserved 1114112K
  class space    used 8464K, committed 8768K, reserved 1048576K
}
Event: 9.127 GC heap before
{Heap before GC invocations=17 (full 0):
 garbage-first heap   total reserved 989184K, committed 54272K, used 46912K [0x00000000c3a00000, 0x0000000100000000)
  region size 1024K, 22 young (22528K), 1 survivors (1024K)
 Metaspace       used 67446K, committed 68096K, reserved 1114112K
  class space    used 9143K, committed 9408K, reserved 1048576K
}
Event: 9.131 GC heap after
{Heap after GC invocations=18 (full 0):
 garbage-first heap   total reserved 989184K, committed 54272K, used 28292K [0x00000000c3a00000, 0x0000000100000000)
  region size 1024K, 3 young (3072K), 3 survivors (3072K)
 Metaspace       used 67446K, committed 68096K, reserved 1114112K
  class space    used 9143K, committed 9408K, reserved 1048576K
}
Event: 9.796 GC heap before
{Heap before GC invocations=19 (full 0):
 garbage-first heap   total reserved 989184K, committed 54272K, used 46724K [0x00000000c3a00000, 0x0000000100000000)
  region size 1024K, 21 young (21504K), 3 survivors (3072K)
 Metaspace       used 70706K, committed 71360K, reserved 1114112K
  class space    used 9803K, committed 10048K, reserved 1048576K
}
Event: 9.801 GC heap after
{Heap after GC invocations=20 (full 0):
 garbage-first heap   total reserved 989184K, committed 54272K, used 30157K [0x00000000c3a00000, 0x0000000100000000)
  region size 1024K, 2 young (2048K), 2 survivors (2048K)
 Metaspace       used 70706K, committed 71360K, reserved 1114112K
  class space    used 9803K, committed 10048K, reserved 1048576K
}
Event: 10.116 GC heap before
{Heap before GC invocations=20 (full 0):
 garbage-first heap   total reserved 989184K, committed 54272K, used 47565K [0x00000000c3a00000, 0x0000000100000000)
  region size 1024K, 19 young (19456K), 2 survivors (2048K)
 Metaspace       used 73311K, committed 73984K, reserved 1114112K
  class space    used 10258K, committed 10560K, reserved 1048576K
}
Event: 10.121 GC heap after
{Heap after GC invocations=21 (full 0):
 garbage-first heap   total reserved 989184K, committed 54272K, used 31308K [0x00000000c3a00000, 0x0000000100000000)
  region size 1024K, 2 young (2048K), 2 survivors (2048K)
 Metaspace       used 73311K, committed 73984K, reserved 1114112K
  class space    used 10258K, committed 10560K, reserved 1048576K
}
Event: 10.448 GC heap before
{Heap before GC invocations=21 (full 0):
 garbage-first heap   total reserved 989184K, committed 54272K, used 46668K [0x00000000c3a00000, 0x0000000100000000)
  region size 1024K, 17 young (17408K), 2 survivors (2048K)
 Metaspace       used 74748K, committed 75456K, reserved 1114112K
  class space    used 10474K, committed 10752K, reserved 1048576K
}
Event: 10.451 GC heap after
{Heap after GC invocations=22 (full 0):
 garbage-first heap   total reserved 989184K, committed 54272K, used 32229K [0x00000000c3a00000, 0x0000000100000000)
  region size 1024K, 3 young (3072K), 3 survivors (3072K)
 Metaspace       used 74748K, committed 75456K, reserved 1114112K
  class space    used 10474K, committed 10752K, reserved 1048576K
}
Event: 10.753 GC heap before
{Heap before GC invocations=23 (full 0):
 garbage-first heap   total reserved 989184K, committed 56320K, used 45541K [0x00000000c3a00000, 0x0000000100000000)
  region size 1024K, 16 young (16384K), 3 survivors (3072K)
 Metaspace       used 76369K, committed 77056K, reserved 1179648K
  class space    used 10719K, committed 11008K, reserved 1048576K
}
Event: 10.757 GC heap after
{Heap after GC invocations=24 (full 0):
 garbage-first heap   total reserved 989184K, committed 56320K, used 33589K [0x00000000c3a00000, 0x0000000100000000)
  region size 1024K, 2 young (2048K), 2 survivors (2048K)
 Metaspace       used 76369K, committed 77056K, reserved 1179648K
  class space    used 10719K, committed 11008K, reserved 1048576K
}
Event: 11.126 GC heap before
{Heap before GC invocations=24 (full 0):
 garbage-first heap   total reserved 989184K, committed 56320K, used 49973K [0x00000000c3a00000, 0x0000000100000000)
  region size 1024K, 18 young (18432K), 2 survivors (2048K)
 Metaspace       used 78213K, committed 78976K, reserved 1179648K
  class space    used 11001K, committed 11328K, reserved 1048576K
}
Event: 11.133 GC heap after
{Heap after GC invocations=25 (full 0):
 garbage-first heap   total reserved 989184K, committed 56320K, used 35607K [0x00000000c3a00000, 0x0000000100000000)
  region size 1024K, 3 young (3072K), 3 survivors (3072K)
 Metaspace       used 78213K, committed 78976K, reserved 1179648K
  class space    used 11001K, committed 11328K, reserved 1048576K
}
Event: 39.954 GC heap before
{Heap before GC invocations=25 (full 0):
 garbage-first heap   total reserved 989184K, committed 56320K, used 47895K [0x00000000c3a00000, 0x0000000100000000)
  region size 1024K, 16 young (16384K), 3 survivors (3072K)
 Metaspace       used 81323K, committed 82048K, reserved 1179648K
  class space    used 11428K, committed 11712K, reserved 1048576K
}
Event: 39.972 GC heap after
{Heap after GC invocations=26 (full 0):
 garbage-first heap   total reserved 989184K, committed 67584K, used 37278K [0x00000000c3a00000, 0x0000000100000000)
  region size 1024K, 2 young (2048K), 2 survivors (2048K)
 Metaspace       used 81323K, committed 82048K, reserved 1179648K
  class space    used 11428K, committed 11712K, reserved 1048576K
}

